<?xml version="1.0" encoding="UTF-8"?>
<testsuite name="Get list of tags" tests="1" skipped="0" failures="0" errors="0" timestamp="2026-01-09T09:08:10" hostname="Aigis-Megami.mshome.net" time="4.873">
  <properties/>
  <testcase name="Successfully get list of tags" classname="Get list of tags" time="4.873"/>
  <system-out><![CDATA[
@api
Scenario: Successfully get list of tags    ?[90m# src/test/resources/features/api/get_tags.feature:4?[0m
  ?[32mGiven ?[0m?[32mAPI is ready?[0m                       ?[90m# api.steps.CommonApiSteps.apiIsReady()?[0m
{
    "data": [
        null,
        "",
        " ",
        "   ",
        "     ",
        "                                  ",
        "          test",
        "  b",
        " #hello",
        " #rami",
        " #reda",
        " (QA422-4 Fox",
        " (QA422-4 Fox(2)",
        " DRIL",
        " DvUH",
        " Manual Quality Assurance",
        " QA",
        " QA321",
        " aa",
        " abcd",
        " bone hands",
        " build",
        " daytime",
        " dog",
        " edit",
        " golden",
        " hello world",
        " hello2",
        " hi",
        " nature",
        " new",
        " one dog",
        " pet",
        " prijatno",
        " qa",
        " random",
        " ruzno",
        " scarry",
        " sea",
        " test2",
        " test3",
        " tree",
        " two dog",
        " winter",
        " women",
        " ХЕРА СЕ  ",
        "!@",
        "!№;%:?*()",
        "\"#newpost\"",
        "\"blqqq\"",
        "\"{{$randomAdjective}}\"",
        "########",
        "#1",
        "#API",
        "#AXE",
        "#BESTTRAP",
        "#Beach",
        "#CUTE",
        "#FestivePost",
        "#Firstpost",
        "#GG",
        "#JONY",
        "#K.O",
        "#KRUTO",
        "#KUZNETSKIY_NATURAL",
        "#LOVE!",
        "#Lacalut",
        "#LizardsVsAncientRusses",
        "#PUTINHYILO",
        "#Postman, #QA, #Work",
        "#QA",
        "#Sea",
        "#Test",
        "#Thala #MSD #CaptailnCool",
        "#adventure",
        "#android",
        "#april",
        "#aroundtheworld",
        "#bestfriends",
        "#cats",
        "#cats, #lover",
        "#catsPanchenko, #lover",
        "#cheburek",
        "#check",
        "#chmo",
        "#cool",
        "#deasy",
        "#dog",
        "#dora",
        "#dora, #air",
        "#eblan",
        "#firstpost",
        "#froggo",
        "#fuckwar",
        "#fun",
        "#glonassrf",
        "#gomel",
        "#happy",
        "#happyDay",
        "#happyforfree",
        "#hello",
        "#hi",
        "#high_job",
        "#huesos",
        "#instaphoto",
        "#instashot",
        "#instashot,#aroundtheworld,#bestfriends",
        "#it",
        "#joint_waitFORme",
        "#kek",
        "#kiti",
        "#kotlin",
        "#learning",
        "#life",
        "#live",
        "#loh",
        "#loh;#kio",
        "#lol",
        "#love",
        "#makaka",
        "#mart",
        "#my#second#post",
        "#naruto #pain",
        "#new",
        "#new#first#post#my",
        "#newpost",
        "#newuser",
        "#newuser1",
        "#oam",
        "#ok",
        "#peace",
        "#photo",
        "#place",
        "#porn",
        "#post#postik",
        "#postman",
        "#postman #api #testing",
        "#potter",
        "#prova",
        "#prova2",
        "#read",
        "#rere",
        "#road",
        "#sad#autmn",
        "#secondpost",
        "#sex",
        "#spider#man",
        "#sthong",
        "#summer",
        "#tag1",
        "#tag1,#tag2",
        "#tag2",
        "#tag3",
        "#tags",
        "#test",
        "#tester",
        "#tetris",
        "#tetstag",
        "#the_world",
        "#uchiha",
        "#user",
        "#user, #wtf",
        "#valera#geniu#nodno",
        "#wWw",
        "#what",
        "#woW",
        "#world",
        "#wow",
        "#ww",
        "#КаньеВестЛучший",
        "#Нарян хороший мужчина",
        "#ПроТестирование",
        "#Рампо",
        "#Реклама",
        "#Репс",
        "#Репс наверное умный",
        "#ТестированиеНаПрактике",
        "#ведро",
        "#выпендреж",
        "#дитявуца",
        "#если ты первый ты первый",
        "#жизнькайф #вкусноем #живугдехочу",
        "#зож",
        "#котик",
        "#котятакрокодилы",
        "#крутой",
        "#мяу#люблюкотов",
        "#наафтапати",
        "#пост",
        "#прикол",
        "#работаневорк",
        "#сюрпрайзсюрпрайз #небагиафичи",
        "#фото",
        "#ядима",
        "#якрутой",
        "$randomWord",
        "%^*",
        "&&",
        "'princess', 'royal', 'England'",
        "'Жз/аШp",
        "(astrophysics, stars, neutron stars, magnetic field)",
        "(lollipop, girl)",
        "+V'GM, nюД, '7фОAж, =+WTГ, ]лHьЁьTБш, лМЁЫ, .f4CF9, НdXH,жVv/ы, М%:аp, рQ%:Е9Gh",
        ",mammal",
        ",mammal,dog",
        ",mountain,dog",
        ",ocean",
        ",snow,ocean",
        ",snow,pet",
        "-",
        "-1",
        ".",
        "..mlmdas",
        ".net",
        "/*-",
        "/asas",
        "/qweqwe",
        "0",
        "0(2ъj, ДЕЯr!дс20u, pXhЕ]V3зБ, #Ю$Т, УvdsK",
        "0000",
        "00000",
        "00000000",
        "00012",
        "02848604",
        "0309-1",
        "0309-2",
        "06/01/2024",
        "06/10/2024",
        "06/13/2024",
        "06/15/2024",
        "06/21/2024",
        "08",
        "08wO, 5UsJG, 59n, RGcLkp, sFD0, 9ICuQrdJ2, U3des, D7nVK, CCnwGUA, uyro",
        "0x0",
        "1",
        "1 1111teg",
        "1 teg",
        "10",
        "10 december",
        "100",
        "1000",
        "103",
        "106",
        "10785 berlin",
        "108",
        "1080p",
        "11",
        "111",
        "1111",
        "11111",
        "1111111",
        "1111тег1",
        "112",
        "115",
        "117",
        "12",
        "120",
        "121",
        "122",
        "123",
        "123098",
        "1231",
        "12321423423",
        "1234",
        "12345",
        "123456",
        "1234566",
        "1234567",
        "123456789",
        "126",
        "12654879645",
        "12assdasd",
        "13",
        "131",
        "132",
        "133",
        "134",
        "13423443",
        "1342344:%;:%;",
        "135",
        "1351",
        "137",
        "139",
        "14",
        "140",
        "142",
        "143",
        "144",
        "145",
        "146",
        "15",
        "15, 30, 45",
        "1500",
        "155",
        "156",
        "157",
        "158",
        "161",
        "166",
        "17",
        "172",
        "173",
        "175",
        "177",
        "178",
        "18",
        "183",
        "185",
        "186",
        "19",
        "191",
        "192",
        "196",
        "198",
        "1eeeeeeeee",
        "1qq",
        "1test11",
        "1zLzdhKBpt, B3FH0g, SyttJ8He, CTp5F, EMlwARo3, zirdDzL, ipB, QMgD0wue, zFuSe0, PeF",
        "1йq!",
        "2",
        "2,2",
        "2.131231241241241e+29",
        "20",
        "2003",
        "201",
        "2019",
        "202",
        "2039",
        "206",
        "209",
        "21 апреля",
        "210",
        "213",
        "214",
        "21423543534",
        "222",
        "22222",
        "223",
        "224",
        "227",
        "228",
        "23",
        "232",
        "232313",
        "232323",
        "233",
        "2335",
        "234",
        "234234",
        "23442",
        "2345567765",
        "234567890",
        "235",
        "236",
        "238",
        "239",
        "23k",
        "24/7",
        "241",
        "242",
        "246",
        "25",
        "254",
        "2548",
        "255",
        "258",
        "261",
        "262",
        "27",
        "283",
        "285",
        "287",
        "288",
        "289",
        "290",
        "298",
        "299",
        "2asdasd",
        "2htr",
        "2k3",
        "2qa",
        "3",
        "30",
        "308",
        "310",
        "312",
        "315",
        "318",
        "32",
        "321312",
        "322QA",
        "323",
        "325",
        "326",
        "328",
        "329",
        "33",
        "332",
        "334",
        "336",
        "34",
        "340",
        "341",
        "345",
        "35",
        "350",
        "353",
        "35536123",
        "356",
        "357",
        "358",
        "361",
        "362",
        "363",
        "365",
        "366",
        "36757420",
        "368",
        "370",
        "372",
        "374579",
        "375",
        "376",
        "38",
        "380",
        "393",
        "394",
        "395",
        "3kfKV",
        "3zbCKWSYKHMAci1KiqZHUi2zxpHD",
        "4",
        "4 woodham gate",
        "40",
        "401",
        "403",
        "407",
        "408",
        "41114",
        "412",
        "41515107",
        "416",
        "417",
        "42",
        "421",
        "42298237",
        "429",
        "43",
        "430",
        "434",
        "43434",
        "435",
        "44",
        "442",
        "44343",
        "444",
        "4444",
        "4454545",
        "446",
        "449",
        "45",
        "451",
        "45245",
        "453",
        "45454545444",
        "456",
        "4567",
        "45678",
        "45678907",
        "457",
        "4576748",
        "458",
        "46",
        "460",
        "463",
        "466",
        "47",
        "470",
        "471",
        "476",
        "4794679",
        "48",
        "480",
        "482",
        "483",
        "49",
        "490",
        "493",
        "497",
        "499",
        "4et0YHw3",
        "5",
        "50",
        "500",
        "501",
        "502",
        "504",
        "508",
        "512",
        "513",
        "517",
        "519",
        "52307343",
        "524",
        "534",
        "538",
        "540",
        "542",
        "545",
        "54645675464",
        "549",
        "55",
        "555",
        "5553535",
        "5555",
        "557",
        "559",
        "56",
        "560",
        "561",
        "562",
        "564",
        "565",
        "57",
        "570",
        "571",
        "573",
        "5738249",
        "573омтушомтдаычд8249",
        "5768839029432",
        "577",
        "578",
        "579",
        "58",
        "580",
        "581",
        "583",
        "587",
        "588",
        "595",
        "6",
        "602",
        "604",
        "606",
        "617",
        "62",
        "626",
        "627",
        "628",
        "629",
        "632",
        "634",
        "640",
        "644",
        "64456546",
        "64484031",
        "649",
        "651",
        "652",
        "653",
        "65454",
        "65464893",
        "659",
        "66",
        "661",
        "663",
        "666tag666",
        "67",
        "670",
        "672",
        "673",
        "67855",
        "67a6Wof",
        "68",
        "680",
        "681",
        "683",
        "686",
        "689",
        "690",
        "697",
        "6W4N36WEF, NEd, Opgam4rSK, 0ZrvP1OV, DTdY, C7MuQ02, JFplhv, nlkGFiKFnP, D0g, GJ6O4, Xn3Y7, pcS6h2, sYyvi1Th, 9rFdGF9vBz, kmHhNRN9nl, QK8D7, k8lUAjl, 58OH, FQWD8RW, nWvK0Ow",
        "6uytrdgtr",
        "7",
        "700",
        "703",
        "705",
        "708",
        "71",
        "711",
        "712",
        "714",
        "719",
        "720",
        "731",
        "743",
        "744",
        "745",
        "749",
        "752",
        "753",
        "76",
        "763",
        "765",
        "767",
        "768",
        "773",
        "774",
        "775",
        "777",
        "777777",
        "78",
        "780",
        "781",
        "783",
        "786",
        "789",
        "789654",
        "794",
        "797",
        "7CsV, PVaV, aISrR9FHPV",
        "8",
        "80",
        "802",
        "807",
        "81",
        "810",
        "811",
        "814",
        "818",
        "82",
        "821",
        "824",
        "827",
        "82784621",
        "828",
        "829",
        "830",
        "83216450",
        "836",
        "837",
        "845",
        "846",
        "847",
        "849",
        "85",
        "850",
        "852",
        "855",
        "856",
        "859",
        "860",
        "866",
        "867544673",
        "868",
        "87",
        "873",
        "874",
        "876",
        "877",
        "879",
        "88",
        "883",
        "885",
        "886",
        "887",
        "889",
        "89",
        "892",
        "894",
        "8GGTxJoFi5",
        "8KP8xY, wNr1kwp, FQo4DD4, 0BlLvbA, xE9q, KDLjO4iY, opD, cblaOuU, at1i39, K7Y3, beiJHRg, CkPP, wEth7bQ, nR3R, tgr, RCC, DI1DJNI, oBeB3rc, zAtwneZY, Sqy, 7rF, ZaIkpdL, YUz, xGxkbAIk6, YP7S5ftTP, 7d4OwBp, 35wRELv8, KP2, GeMvL, qqSw, qiXou, elwFP3, kalEr, ZJ6tC, K3XDY, 4kJBDFGh3, VDR5OG5, nxPN9vBz, Hnn, XQpfj4, zU2zwn0gE, UKqQiZWAU, hKhsIKg4U9, cPPNYNC, peN6, 9vpnyju, 2EA6Pq, toRo, H5qbvhD5, 4A5g0Pgy, AqeGuLLB4, zfG, 0MooSzIpE, V7ABz, jyMfaum1L, i2r29mf, gNAraNF, 2QgA0N4KO, lkMRHdJMAs, aUgq, yfQmzU, Zwtop4iE50, 08DN, Q0C, 0FOD, WexyFXff, RlklPqcrr, ZsxeUAVu, 4w9GaQo, NG3, noRyjK54, eChzA1T3, NvPlB0zViH, kUBlS2, ieEXE5d, oFT, tFq9mq, KuwGZsvXuK, Ssdedps, 77DfgyrV, 2WmDidgP, 9ap6Sg, enFwEx, capJevH, NgMADwG, O8hMJxUtf, u0yjDuJO, AZDlZ, rYu6zAqe, XTjJZG, ZzFO, KBnHrJsF, vPRDgNAy, l5eFFKrv, qNZFE9Pc, TFya1at, v0e, VdnJA5NGI, rkvxjNEO, 6TXzK32BI4, E323S2rh, qqFBRMo, g8rHZ52, FE4mBXX, vJN7k, QZehAZWKyi, L9UQ7kA8l, RUR7G, 7K1, GGKU, 50F286z9Z, 66yWlJ, d9Vo9l, K2SswUTYM, k7RKN2Bg, ctl, Jrx, UKCJlrR, d0Bq, UOHae, UZM5KTr, rBaaYQa, Y8AKtvM, sNDr, 6IVpCLYqz, N9ln5za, nBUeZxw3R, SPxCODoD, sVf, D7dcI5S, fB8J5EUZ7V, ffL9x, IZoF2LibK, qlMEvGyW, D4j, LZpz9PKTk, Ol3bPnYZ, 3I88hNP, HQyf, IAKdSO, ey7f, ixDp6EGh, sR03Z0, 14T, WaKsyVs, qf5h, LV2aVyCGx, TnbC89ys, gqGn15e2i, AdPjVKQ1, NVlmFAo34, phexVk, ScdIRtM6HD, Lxg, sAWV6, 6LObVZ1hjK, rjiFbbH, 1kQod0BK6b, xBI7YjJ, ntCX, ebSgfVIU5, yac6Y3, 4z9jC, 54Hoifr2, w4k, ZoP7, aE2uB4s, JVrWIUa, RfwhGxsNk, NJ2DJLfwt, qhOo0H0vaW, pA4SIV617, 0eLn, qvzNSU, oqn3, HDIA3wYwd, sU5hfO, nLpIC, g314ugZbO, ClUaTG36o, J05Hxs3T, KN0fPX7J, GZG, GQqLreU, RuRKHCDOi0, 1JoKYzpjyE, F3VhGocOT, ZHrw6fS, 8B6, tmCKh7, BxwjIm, dfE7WZD, OtC8Yvxd, Ke8, 0B4, WqAawNikc, Pr3F, 7WrBQyX, nemCH, sNlR",
        "8bgyFGI",
        "8mH1fmQzv, mKi, eIw2K, 9u9nTuC, ZUP, FKD8d, f6pjAmP81, Hj4toy, DvcxV, voS9t",
        "9",
        "9'Lьv+aЦЦ, и|мVГps:",
        "90",
        "906",
        "91",
        "912",
        "913",
        "92",
        "920",
        "921",
        "924",
        "925",
        "927",
        "929",
        "93",
        "931",
        "936",
        "937",
        "938",
        "939",
        "94",
        "940",
        "941",
        "942",
        "948",
        "950",
        "951",
        "954",
        "955",
        "956",
        "957",
        "963",
        "965",
        "966",
        "967",
        "975",
        "98",
        "981",
        "982",
        "986",
        "991",
        "992",
        "993",
        "995",
        "997",
        "998",
        "999",
        "9gGeZ, GQHv, QCR30r",
        "=)",
        "?",
        "A",
        "A222-QA",
        "AA",
        "AAA",
        "AAgstts",
        "AAvgGZCMtV",
        "ABC",
        "ACACA",
        "ADASD",
        "ADP",
        "AEHijJHYFv",
        "AFlXUAHLaK",
        "AG",
        "AGP",
        "AGZNCPvyWr",
        "AI",
        "AIMlBaQdnP",
        "AKrfWPmKus",
        "ALXnShGLUQ",
        "AMG",
        "AN",
        "ANother",
        "API",
        "API5",
        "AQ",
        "AQ-25",
        "AQA",
        "AQA is better",
        "AS",
        "ASIM",
        "ASJzDgJ, CIajEk, X06, Jba3hc1mU",
        "ASP.NET",
        "ASS",
        "ASSHOLE",
        "ATELAxQDYt",
        "ATIVIDADE",
        "AU",
        "AUMXOOxaTV",
        "AUWSlInEIv",
        "AUooOwRYyv",
        "AVgOnUcMkd",
        "AWEbhYKikx",
        "AX",
        "AYDwupfmPT",
        "AYE",
        "AYEfb",
        "AYEfbrgd",
        "AZ7pf",
        "Abc",
        "Abhilash",
        "Account",
        "Account,Wooden",
        "Actor",
        "Actors",
        "AdFvRQaWmh",
        "Adasda",
        "Adasdsa",
        "Add",
        "Administrator",
        "Afghanistan",
        "Agent",
        "AhNvq, wNxaid4C, 14kfUoPI2, AGp8Ye1C7, 2DB2, JImnCQLy, 3fUklNTp, v00TgX8G, LkNy, ekKaCuf",
        "Akatsuki",
        "Alabama,cross-platform",
        "Alaska",
        "Aleks-QA416",
        "Alex QA-422",
        "Alex-QA316",
        "Alex-Test-QA-New",
        "AlexandrQA416",
        "Alexeev-QA31",
        "Alfonso",
        "Alias voluptatum rem quo. Modi dicta ducimus aut voluptatem et numquam et iure dignissimos. Ea a esse eos vel quis est aperiam et. Totam suscipit voluptate. Quisquam voluptas consequuntur et impedit necessitatibus vitae at sint perferendis. Corporis laborum ullam non nam sed est pariatur.",
        "Alina",
        "All Cases must include all payment transactions, all documents and forms filled. All conversations in comments and messages in channels and emails should be provided as well in.",
        "All text",
        "Alligator",
        "Alt",
        "Alton",
        "Amada",
        "Amberly",
        "American Elm",
        "American Elm in Central Park in New York City",
        "Aminal",
        "Aminals, pizza",
        "Analyst",
        "Anastasia-QA316",
        "Anastasiaa-QA316",
        "Andrea",
        "Animal",
        "Animals",
        "Anitra",
        "Anna",
        "Anna1",
        "Annalisa",
        "Another",
        "Antelope",
        "Antonette",
        "Anush",
        "AoDMMuZEyO",
        "AoDrQMrBnd",
        "Aperiam qui voluptatem error placeat laudantium quos.",
        "Api testing seccues",
        "Apple",
        "April",
        "AqDPOmbE, AnECnLY, 4KBP3j, RFtlq, PQVyDNm4, SEdQ, aNFqfNBv, 8qm, oy4uximD, GEgs, KQoFwlLs, Ezg, FYI, B9F, SIGDfvB, cg9XV, TkaYhgB, QncMxoz, 2pQaTnfN7, 1QLrClz",
        "ArMoflPkma",
        "Architect",
        "Ardelia",
        "Ardell",
        "Arl",
        "Array",
        "Arshavir",
        "Arthur",
        "Aslbek-Qa316",
        "Assistant",
        "Associate",
        "Assumenda consectetur atque reprehenderit nihil cumque. Consectetur facilis aut. Pariatur dolores non. Commodi quibusdam rerum modi temporibus laboriosam itaque eum nobis.",
        "Assumenda error hic repellendus enim autem. Soluta quas repellat eaque. Ut aut fuga deleniti aliquam sed aut ipsam rem. Impedit ipsam magni laboriosam ipsam. Ex accusantium temporibus cupiditate ducimus similique ratione ut et aspernatur.",
        "Assurance",
        "Astro",
        "AswOkezuDg",
        "Aubrey",
        "Augustine",
        "Austria",
        "Aut dicta in voluptatem sit dolore non. Eveniet occaecati distinctio minus dolorum voluptas sit qui nesciunt. Tenetur id tempora. Atque consequatur magni voluptatem qui aut eos nostrum iusto nam. Itaque sit expedita et eius et libero. Facere cupiditate fuga non quae error laudantium et qui officiis.",
        "Aut explicabo tempora.",
        "Aut quis sit esse. Odit exercitationem provident est voluptatem sapiente sit omnis esse rerum. Dolores consectetur nam amet harum magni. Dolores sed ut eos in atque.",
        "Auto",
        "Automated",
        "Automotive Unbranded bypassing",
        "Autotest",
        "Autotest for API",
        "Avon",
        "Awesome",
        "Awesome Steel Tuna",
        "B",
        "B2C",
        "BA",
        "BAYAN",
        "BC",
        "BCEAO",
        "BF3я, 1BN, ДwW)mО, г#j, ЩП$Pц3v",
        "BFF",
        "BFFs",
        "BFHErJnQTe",
        "BG",
        "BHyRUflIAm",
        "BIThoven",
        "BLACK",
        "BM(SS)",
        "BMW",
        "BMYqMCxkxE",
        "BNPENlnKOW",
        "BOCswaByFL",
        "BT",
        "BUoJAbzpQq",
        "BZnmtWrNLt",
        "Baby",
        "Backend",
        "Background_Tree",
        "Bacon",
        "Bahraini",
        "Baht",
        "Baki",
        "Balan",
        "Balanced scalable attitude",
        "Ball",
        "Balyuk",
        "Banana",
        "Bangladesh",
        "Bank",
        "Barbados",
        "Barry",
        "Bas",
        "Basboost",
        "Bat",
        "Batman",
        "BaxhacgPaz",
        "BcSRopKnLP",
        "BcrQWzjlos",
        "Beach",
        "Bear",
        "Beau",
        "Beautiful",
        "Beautiful ",
        "Beauty",
        "BebraCool",
        "Bellisimo",
        "Benton",
        "Berkshire",
        "Berna",
        "Bernhard and Sons",
        "Bernice",
        "Bertram",
        "Best",
        "Best,The best",
        "Best_tag",
        "Beverley",
        "Bhagwati",
        "BiNkKhFREe",
        "Bill",
        "Bison",
        "BlMuOSsfKN",
        "Blessed by God",
        "Blessed byyyy God",
        "Blessed byyyyy God",
        "Blocker",
        "Blocks",
        "Blue Flower",
        "Boby Braun",
        "Book",
        "Books",
        "Borders",
        "Boris",
        "Bouvet",
        "Bouvet Island (Bouvetoya)",
        "BpLApAVqxW",
        "Bradford",
        "BrhHZnOwaQ",
        "Bricks",
        "Bruh",
        "Brzęczyszczykiewicz",
        "Buck",
        "Buckinghamshire",
        "Buffalo",
        "Bulgakov",
        "Business",
        "Butterfly",
        "BxKkQItwMl",
        "Bye!",
        "Bye-Bye",
        "Bóng đá, thể thao",
        "C",
        "C#",
        "C63",
        "CA TOP",
        "CA dlukas",
        "CAT",
        "CE",
        "CG",
        "CHBD",
        "CHICO",
        "CHICOc",
        "CNboNPoEKD",
        "COM",
        "COrReBOBZU",
        "CPPcnNVXjk",
        "CPREW, jnyn7kNk7, bpq, o26YB1, qtG, aYX2rPecK, ntn10IF2j, WAaBOs62, g2F8AJlVF, t5Wl8rw, nuoW8Pzc, Nvt, evb5MPbV, uIQPnYcwWJ, aZ1jUmrG, wzNCtWIIEZ, hSkPkgkML, WI2WbpVLpC, 3VG, UCW7l",
        "CS",
        "CSS",
        "CTnKhJ",
        "CYLXkUKMSE",
        "Cambodia",
        "Cambridgeshire",
        "Camel",
        "Candy",
        "Canine",
        "Cant see anything",
        "Cape Verde",
        "Car",
        "Carmella",
        "Cars",
        "Carson",
        "Cat",
        "Cat,kitty,cutie",
        "Cats",
        "Cats, animals",
        "Cayla",
        "CeZSmVNYYQ",
        "Central Communications Executive",
        "Central Data Supervisor",
        "Central Division Strategist",
        "Central Group Administrator",
        "Central Implementation Associate",
        "Central Intranet Architect",
        "Central Program Orchestrator",
        "Chameleon",
        "Champion",
        "Change",
        "Checking",
        "Cheetah",
        "Chere",
        "Chicago",
        "Chicken",
        "Chicola",
        "Chief",
        "Chief Accounts Assistant",
        "Chief Configuration Strategist",
        "Chief Creative Designer",
        "Chief Data Designer",
        "Chief Factors Planner",
        "Chief Factors Strategist",
        "Chief Identity Developer",
        "Chief Identity Supervisor",
        "Chief Infrastructure Technician",
        "Chief Interactions Orchestrator",
        "Chief Usability Administrator",
        "Chief Usability Director",
        "Chile",
        "Chilean",
        "Chimpanzee",
        "Chotchaev",
        "Christmas_Tree",
        "Christopher",
        "Chung",
        "City",
        "Cliffs intermediate Director",
        "Closing off this case since this application has been cancelled. No one really understand how this case could possibly be cancelled. The options and the documents within this document were totally a guaranteed for a success!",
        "Clothing",
        "Clouds",
        "ClsLTMLZgl",
        "CltmkmInoP",
        "Clubs",
        "Cmslkmc",
        "Coach",
        "Coco",
        "Coll",
        "Colleen",
        "Comic",
        "Communications",
        "Compatible bi-directional forecast",
        "Computer",
        "Computers",
        "Concrete",
        "Congress",
        "Connecticut",
        "Consequuntur tempore dicta dolorum sit et qui doloremque tempora. Qui ipsum autem in. Ut autem dolorum. Facere neque libero voluptatem repudiandae illum nostrum odit aperiam. Ut vero aut dolorum ut rerum atque minima aut maiores.",
        "Conspiracy",
        "Consultant",
        "Contele",
        "Cool",
        "Cooll",
        "Cooll, Super",
        "Coordinator",
        "Corner",
        "Corporate",
        "Corporate Assurance Coordinator",
        "Corporate Branding Administrator",
        "Corporate Operations Strategist",
        "Corporate Optimization Architect",
        "Corporis aliquid necessitatibus. Quibusdam qui totam. Rem sapiente dignissimos esse quia odit quas. Ipsum et sint nam eum voluptatibus inventore.",
        "Corrine",
        "Corrinne",
        "Cotton",
        "Cow",
        "CqhwFVKKpE",
        "Create post",
        "Creative",
        "Crocodile",
        "Cucamber",
        "Curtis",
        "Curve",
        "Customer",
        "Customer Functionality Developer",
        "Customer Functionality Director",
        "Customer Functionality Executive",
        "Customer Group Executive",
        "Customer Identity Liaison",
        "Customer Marketing Administrator",
        "Customer Research Manager",
        "Customer-focused",
        "Customer-focused fresh-thinking architecture",
        "Customizable high-level groupware",
        "CxVFHTSMus",
        "Cythia",
        "CyuddDoxNx",
        "D3Cfubet, GJWGLm, tNN, iZV70J, EdrNps5",
        "DA",
        "DARK",
        "DEMO Update PUT - cucumber.io VS",
        "DEMO using cucumber.io",
        "DEV",
        "DHzPRhgKfJ",
        "DILBER",
        "DLyLDsPKan",
        "DOGGY",
        "DOGs",
        "DPusJokOrK",
        "DQjffyxmZX",
        "DSVZIUTVsU",
        "DTzljCSMLP",
        "Da",
        "DaTtIEpymw",
        "Daily",
        "Dakota",
        "Dallas",
        "Dammm",
        "Dan",
        "Dane",
        "Dania",
        "Daniyar",
        "Dark Knight",
        "Darrick",
        "Dart",
        "Data",
        "Data Sistem Insan Kaynaklari Veri Isleme Hizmetleri A.S.",
        "Date",
        "Dean",
        "Death",
        "Debbie",
        "Deckow, O'Conner and Hickle",
        "Deer",
        "Delcie",
        "Delmer",
        "Democrat",
        "DenisQA416",
        "Derrick",
        "Designer",
        "Destiny",
        "Dev",
        "DevOps",
        "Developer",
        "Devloper",
        "DfcvhzQMLr",
        "DgeDyTcDIN",
        "DghvSlthpf",
        "DhIqXolfMT",
        "Diana",
        "Dicta et in laudantium ut modi explicabo molestias. Autem tempora omnis ducimus aut quo. Tempora ab perferendis officiis rem beatae facere. Nostrum deserunt quis distinctio deserunt eligendi consectetur. Nostrum accusamus praesentium. Temporibus possimus eos iusto et omnis est id quis aliquid.",
        "Digital Harbor",
        "Dinar",
        "Direct Metrics Coordinator",
        "Direct Metrics Liaison",
        "Direct Paradigm Architect",
        "Direct Response Officer",
        "Direct Web Administrator",
        "Directives",
        "Director",
        "District Accounts Strategist",
        "District Directives Analyst",
        "District Mobility Manager",
        "District Operations Architect",
        "District Research Architect",
        "District Tactics Architect",
        "Division",
        "Divlje macke",
        "DjzZYmTZEi",
        "DlsVtOkBwM",
        "Documentação",
        "Doe",
        "Dog",
        "Dog ",
        "Dog love too",
        "Dog's heart",
        "DogVSCat",
        "Doge",
        "Dogo",
        "Dogs",
        "Dollar",
        "Dolorem totam aspernatur non incidunt voluptatem commodi enim doloribus consectetur. Et fuga magnam voluptatum nihil aut aliquam a. Accusamus libero illum magni aperiam voluptatem aut. Sapiente autem atque rem est aut consequatur.",
        "Dolphin",
        "Dominican Republic",
        "Donald",
        "Dong",
        "Donkey",
        "Dota2",
        "Dove",
        "Dram",
        "DreamTeam",
        "Drift",
        "Drift1",
        "Ducatti",
        "Duck",
        "Dummy API tag here",
        "DummyAPI",
        "Durgan Inc",
        "Dynamic",
        "Dynamic Accounts Consultant",
        "Dynamic Communications Executive",
        "Dynamic Communications Planner",
        "Dynamic Implementation Consultant",
        "Dynamic Implementation Coordinator",
        "Dynamic Implementation Liaison",
        "Dynamic Infrastructure Strategist",
        "Dynamic Markets Agent",
        "Dynamic Mobility Developer",
        "Dynamic Optimization Specialist",
        "Dynamic Quality Consultant",
        "Dynamic Research Director",
        "Dynamic Solutions Specialist",
        "Dynamic Tactics Executive",
        "DФРгN",
        "EDQA416",
        "EDQA416Update",
        "EFFFF",
        "EGjaGTKxfH",
        "EHBO",
        "EMPoqhuEeb",
        "ENTER",
        "EOPatYLw, Xee8I, MENkuIsgj, ON9s, ED8noAfr, KDsk, OyL, Y5NAGao5, ErbAHgcq, lZW",
        "EOaoTbTlqy",
        "EUBRDdXunr",
        "EVmXVZnZeB",
        "EXE",
        "Eagle",
        "Eaque placeat aut.",
        "Earum doloremque magni sapiente veritatis consequatur corporis deleniti pariatur.",
        "Eba*** Antivirus",
        "Ebalo",
        "Ebaniy",
        "EcFyHGcuPB",
        "Edited",
        "Education",
        "EeeVoo",
        "Eggs",
        "EjxrNMTZJW",
        "EkaterinaQA511",
        "Elder",
        "Elephant",
        "Elf tower",
        "Elga Post",
        "Elice 8기",
        "Elida",
        "Elixir",
        "Ellena",
        "Eltern",
        "Engineer",
        "Engineering",
        "Enim consequuntur veniam. Modi ut quis molestiae. Ex aliquam natus rem commodi sunt eum. At eum sequi placeat eum. Quae accusantium vel veritatis possimus. Non minus iusto quaerat id.",
        "EoxQlAKvkN",
        "Ergonomic",
        "Ermolaeva-QA31",
        "Error et doloremque inventore. Sint ipsa est dignissimos iusto ad. Quidem molestias dolor aut officiis provident voluptatem. Ut sunt doloribus dicta et corporis eaque. Voluptas error quod. Eaque repellat corrupti deleniti rerum vitae.",
        "Esdfcx",
        "Esdfxzc",
        "Esmeralda",
        "Est est rerum voluptates dignissimos assumenda sunt quibusdam.",
        "Est et quibusdam autem non magni accusantium.",
        "Estates",
        "Estates Handmade Handcrafted calculating magenta",
        "Estonia",
        "Et tenetur ipsam sit maxime.",
        "EvNLApu",
        "Everymoment of the year",
        "Example Ebat",
        "Executive",
        "Exie",
        "F",
        "F79kpy, rqJGyT8w, bH1DWC9bN, 4t6aLCPu, 2uK, jTMtpWn, Z0w95, vHv, 2Fr6ars, dQAklV, MMVTQ1Sx, uri4zpVqO, RIP5, Y2r3, vOQgHcrR7j, pG9X6OfyG, V6p2bFLR, rNxOscf, J2Nmcq, XKP9QwO6",
        "FA",
        "FAQ",
        "FHpZRKqPnh",
        "FIZGHlOFz, yIkzqrihY, HFWX, bbJB, OcT, 5DBpM, cf8B2dm, uPrM, fcM, GtE0, 19f8yG4R, wTpRISC, WDyODJ, krOgqt9Ge, h5ycG1C2, 1khbMQ58E",
        "FJHVBrVJSx",
        "FJRXNYDGNR",
        "FNT",
        "FOOTBALL",
        "FP9hTW99u, 4XgR4Zw, owZVR, JQx5RyBL, hWCvhb",
        "FT",
        "FTP",
        "FZ",
        "Facilitator",
        "Factors",
        "Falcon",
        "Fall",
        "False",
        "Fantastic",
        "Far",
        "Fashion",
        "Fausto",
        "FbUMncHXvb",
        "FbZhkfSGcb",
        "FeGZFbHtRg",
        "Felton",
        "Ferdinand",
        "Fiat",
        "FikhEizjrw",
        "Filiberto",
        "Film, Moovs",
        "Fire",
        "Fireman",
        "First",
        "FkMLeKGcql",
        "Flamingo",
        "Flower",
        "Flutter",
        "FnBwfoPodi",
        "Football",
        "ForQa",
        "Ford",
        "Forge",
        "Forward",
        "Forward Interactions Coordinator",
        "Forward Markets Coordinator",
        "Forward Markets Facilitator",
        "Forward Mobility Developer",
        "Forward Operations Associate",
        "Forward Paradigm Officer",
        "Forward Quality Manager",
        "Forward Security Technician",
        "Forward Tactics Architect",
        "Forward Usability Agent",
        "Forward Web Director",
        "Fox",
        "FpyDqGVcxl",
        "Freddie",
        "Fredy Way",
        "Fresh",
        "Friends",
        "Frog",
        "Frolova",
        "Frozen",
        "FsyBjLRCUB",
        "FtrcoRbOph",
        "FtuhcTJvnG",
        "Fuji",
        "Fully-configurable",
        "Fun",
        "Funs",
        "FusaZgbzrQ",
        "Future",
        "Future Applications Supervisor",
        "Future Communications Developer",
        "Future Division Administrator",
        "Future Functionality Orchestrator",
        "Future Intranet Planner",
        "Future Marketing Assistant",
        "GA",
        "GAMEMANO",
        "GAMEMANO INTERVIEW TASK",
        "GB",
        "GCwoTMrjIT",
        "GGG",
        "GGIBupdate",
        "GHaGVUwZxt",
        "GJZGIffwDt",
        "GODS33",
        "GODS33andrey",
        "GROjcCtoON",
        "GS",
        "GTR",
        "GYhVNAoRXo",
        "GYrekAcmpw",
        "Gabala",
        "Gabaland",
        "Gabon",
        "Gachi",
        "Gail",
        "Gambia",
        "Games",
        "Ganbaa",
        "Gangster",
        "Garabagh",
        "Garage",
        "Garfield",
        "Gave",
        "Gay",
        "Geen tester",
        "General Kenobe",
        "Generic",
        "Georgia",
        "Gepard",
        "Gerimis",
        "Germany",
        "Gertie",
        "Gibraltar",
        "Giraffe",
        "Give me my money",
        "GkzeWTINBn",
        "Global",
        "Global Applications Supervisor",
        "Global Directives Manager",
        "Global Functionality Administrator",
        "Global Identity Consultant",
        "Global Infrastructure Executive",
        "Global Metrics Analyst",
        "Global Operations Specialist",
        "Global Tactics Associate",
        "Gloves",
        "Go",
        "Go botcoin",
        "Goat",
        "God",
        "Golda",
        "Good",
        "Gorgeous",
        "Gorilla",
        "Gr",
        "Grant",
        "Great quotes",
        "Gregoria",
        "Gregorio",
        "Grey",
        "Grocery",
        "Group",
        "Groups",
        "Grzegorz",
        "GsimQuGuKy",
        "Guinea",
        "Guinea-Bissau",
        "Gutkowski, Kub and Berge",
        "GvНb, аFwS, Px$В1C$R, !ЫJe{7а, wОнW",
        "GwfADNKtbW",
        "GyPlXjrHIi",
        "Gyf, wstQ, 1ofWUKlYFq, 9Ri2sim, rzabO, cz8Tfh49i, 03GxBLamTX, 5STqB26JA, 1nIWGUTl1, p7zNsf, klq0BTh, wRN1G, lXaDPa0Q8, 2XB96, cV5H0M, Ili, j18nBKhCON, FkQFyRIwc1, kEOKxwbo6",
        "Gzl7b",
        "H",
        "HAFIZE",
        "HATE",
        "HDD",
        "HFdYmpZrPl",
        "HIuoWmMqVQ",
        "HKaEAIMvwx",
        "HNZJHhwgAW",
        "HP",
        "HTML",
        "HTTP",
        "HYI",
        "Hai",
        "Hala Madrid",
        "Halloween",
        "Hampshire",
        "Handcrafted",
        "Handmade",
        "Handmade Frozen Ball",
        "Happy",
        "Happy New Year",
        "Hard",
        "Hat",
        "Hawk",
        "HeQkgFplyi",
        "Health",
        "Heavy metalgroove",
        "HekOQRrwZb",
        "Helena",
        "Helicopter",
        "Hell",
        "Hello",
        "Hello!",
        "Hello, World!",
        "Hello,brother",
        "Henry",
        "Herb",
        "Heredia",
        "Herman",
        "Hero",
        "Hi",
        "Hi!",
        "Hi, this is the notice for appointment with Dr Blake",
        "HiEverybody",
        "Hici",
        "Hilde",
        "Hipolito",
        "Hippopotamus",
        "Hisako",
        "Hjff",
        "Hjjje",
        "HlUWVsCytj",
        "HmsIehOGSB",
        "Holli",
        "Home",
        "Horse",
        "House",
        "How",
        "HtIdGvzGzD",
        "Hujan",
        "Hulda",
        "Human",
        "Human Division Executive",
        "Human Optimization Manager",
        "Human Optimization Representative",
        "Human Response Specialist",
        "Human Solutions Supervisor",
        "Human Usability Director",
        "Human Usability Specialist",
        "Huskies are cute",
        "HwtaoXhzT, IuPXl, 5NUWS2I, 2g1uY, yhXAmT5L2, E5lOZBqB, uJ8dlJ8m0q, GlNnSE, uPiWSn",
        "Hy",
        "HypYr, slNZp, Hyv3",
        "HztqDPkoLs",
        "I",
        "I$OкwхfLEС, azxХ, O8CD, А(k, v9KКR",
        "I'm QA",
        "I'm blue",
        "I'm blue, #123",
        "I3vNyHHXNo0vpjFWeZ1sz4eVZWZND8e04BM4YhCYcbF9gzf7Uu",
        "IAAAAAAAAAO1",
        "IB",
        "IBIvmMHIml",
        "IImMYoOFiT",
        "IO+++++01",
        "IO+++++1000",
        "IO+++02",
        "IO+++03",
        "IO+++200",
        "IO+++300",
        "IO1",
        "IO2",
        "IOAAAAA2",
        "IT",
        "IT ( React Frontend development)",
        "IT (Deployment)",
        "IT, Postman",
        "IUfO4sTG, 4LyqGS6B, u8TZ8u3W, YjzYS",
        "IX4NlzXXi, gtezMgoe",
        "IXZGTciKcH",
        "IYrtVgSqVS",
        "Iceland",
        "Identity",
        "IeqqzxefXG",
        "IgkFOuewYk",
        "IhMzCEyqTi",
        "IivrXXR5Cs, GHbQC0Zmm",
        "IjKObwmVGr",
        "IjaOe, ClDtMo, Pf0, FmweAqwRM7, GEk4pCef, ERFM, 6DrS, kqfdw, GZIp, 8J8GJZ, MU5YcXOP, pCtBnJBOx, Mdjr64X, 5EXVWyUr, 8Id, ZhU, PMcko8tMj3",
        "IkkZseZocM",
        "IllQqzOroY",
        "Ilon_Musk",
        "In",
        "In delectus expedita voluptatem nihil voluptatem ipsam vel quos repudiandae. Qui voluptates et tenetur hic. Amet architecto consectetur magnam. Reiciendis molestiae accusantium vero. Provident sit dolor iusto minima vel placeat optio sunt.",
        "In et earum. Beatae eos voluptatem est mollitia nulla accusantium nostrum minus. Harum est quasi rerum et optio sed facere ea nam. Fuga enim harum ea dicta dolorum est id accusantium. Asperiores amet aliquam numquam suscipit quis nostrum aliquam. Culpa sapiente quis eum qui id voluptatem cumque deleniti.",
        "Inc",
        "Incredible",
        "India",
        "Industrial",
        "Integration",
        "Intelligent",
        "Interesting tag",
        "Internal Accounts Planner",
        "Internal Applications Architect",
        "Internal Assurance Engineer",
        "Internal Creative Consultant",
        "Internal Creative Designer",
        "Internal Group Representative",
        "Internal Usability Representative",
        "International",
        "International Accounts Coordinator",
        "International Directives Liaison",
        "International Factors Manager",
        "International Integration Designer",
        "International Markets Orchestrator",
        "International Tactics Architect",
        "International Tactics Technician",
        "Intranet",
        "Intuitive",
        "Inverse client-server standardization",
        "Investment",
        "Investor Accountability Developer",
        "Investor Accounts Strategist",
        "Investor Configuration Developer",
        "Investor Creative Liaison",
        "Investor Division Agent",
        "Investor Division Architect",
        "Investor Markets Supervisor",
        "Investor Paradigm Facilitator",
        "Investor Quality Engineer",
        "Investor Web Director",
        "Ipsam deserunt laboriosam ipsa adipisci id deserunt. Enim quia quos. Facere iusto delectus voluptatem excepturi aut dicta odio. Quo et neque eaque sequi voluptatibus et recusandae. Qui alias voluptates nulla quidem soluta nulla ipsam.",
        "IraCmsYgsm",
        "Irwin",
        "IsfИ4, +(щ,б'1sзT, Lkщ,О3в, ag?^Фwэз:, ДyуAi}о:Т, оэMРвш, ?ГDIю*i7Z, оФ/B1C6ЦRT, |рG, ]+SXLьZ, wф5гYДп, WVSЬа, ыhлoуb, 5CgО, /fZcКюpjv/, PSkон, ЕЪ-!, ХэЗ, jмзрээX, -НТ",
        "Isis",
        "Israel",
        "Iste at qui a.",
        "Italia",
        "Itaque rerum explicabo eum at explicabo. Voluptatem sit tenetur nihil et. Ipsam cum praesentium ut commodi est fugit voluptatem minima ratione. Sed magni sunt non excepturi optio est ex officiis corrupti.",
        "IuFmkhVgFE",
        "Iure debitis optio et voluptas dolores deleniti quis placeat sapiente.",
        "JAn, FO64aI09, r5oRn, r792B",
        "JBOD",
        "JCcAcWrHpI",
        "JDM",
        "JEEfYQbzOF",
        "JEkJLqEbte",
        "JGFOQLYLJZ",
        "JRjhhwEyPo",
        "JSON",
        "JSwxYhovph",
        "JZUlCAalAd",
        "Jabulaka",
        "Jaguar",
        "Jama",
        "Jane",
        "Janene",
        "Japan",
        "Java",
        "Java Script",
        "JavaScript",
        "Javascript",
        "JcjhCupkZt",
        "Jefferson",
        "Jeffry",
        "Jenkins, Sanford and Walsh",
        "Jerilyn",
        "Jessie",
        "JgchAfpFHb",
        "Jigurda",
        "JipTqYzLnL",
        "Jjiie",
        "Joanna",
        "John",
        "JohnSmithandCompany",
        "Jonas",
        "Jonatan",
        "Jopa",
        "Joslyn",
        "JsOVAckgqU",
        "JunGO",
        "JxtZWQothP",
        "K",
        "KAI",
        "KARAMTAG",
        "KAYTRANADA",
        "KDbgqFneic",
        "KFskxXgopD",
        "KIS20012024",
        "KKfjlGMHry",
        "KLVFToAubd",
        "KPujGkfSvI",
        "KQEfcZIwKU",
        "KSbqDotdSv",
        "KUDA",
        "Kangaroo",
        "Kareem",
        "Kassie",
        "Kate",
        "Katya",
        "Kayleigh",
        "Kazakhstan",
        "KbGXxgAfaO",
        "Kennith",
        "Keyboard",
        "Keys",
        "Khadijah",
        "KiABdprPzP",
        "Kiersten",
        "Kimbra",
        "Kinder",
        "Kisich",
        "KjoUeFppsf",
        "Kleopatra",
        "KmGewRtSSv",
        "Knjige",
        "Koala",
        "Kopeysk",
        "Kotlin",
        "Kris",
        "Krone",
        "Kroon",
        "Kryukov",
        "Kryukov f",
        "Kryukovv",
        "Kryukovvv",
        "Ksusha",
        "Kunde, Douglas and Bins",
        "Kuuta",
        "KШмк, пHE[{%б6LM, cдo, СfCU, W&Eд1ыУ",
        "L4yvfv, 7I8rnr1voM, hvS, BxT9BDrq8, DxdjbQYRHz, aG29, 8ChMx0cx4L, XVfoGBxlww, c9eeTNfics, CT8KcV5, zJMl, w3E, oVQUpUAX4, smjXwYZdVA, 90Fq2Xl",
        "LA",
        "LFjnSImblC",
        "LFrUoTSMbY",
        "LGKHGuyyAY",
        "LION",
        "LJNilMniZr",
        "LJmPAwoNIH",
        "LKWSxGjIvS",
        "LLC",
        "LLdeKAvYkU",
        "LNZYPxvwiv",
        "LOVdQgoFVk",
        "LS",
        "LTPuIvCHWn",
        "LUXceSQkaW",
        "LUjZWYX4Q",
        "LVAkcgRTUd",
        "LZcJYGmWuF",
        "Labore alias voluptatibus soluta est commodi aperiam ab reiciendis unde. Qui et illo facere. Voluptatibus velit accusamus harum alias a.",
        "Laborum aut at ea est veniam. Ipsam ut ipsa. Aut nostrum consequatur nihil earum eos. Sed voluptates ut voluptate natus eos velit deserunt omnis.",
        "Lacalut",
        "Lahic",
        "Lakes",
        "Lamoda",
        "Lasagne",
        "Lashunda",
        "Lasonya",
        "Latvia",
        "Lav",
        "Lazin",
        "LbhcfkKoAx",
        "Lead Configuration Consultant",
        "Lead Implementation Representative",
        "Lead Infrastructure Orchestrator",
        "Lead Intranet Architect",
        "Lead Marketing Supervisor",
        "Lead Security Architect",
        "Lead Solutions Executive",
        "Leanna",
        "Leeann",
        "Legacy Branding Assistant",
        "Legacy Data Officer",
        "Legacy Group Supervisor",
        "Legacy Infrastructure Liaison",
        "Legacy Interactions Analyst",
        "Legacy Marketing Designer",
        "Legacy Metrics Strategist",
        "Legacy Web Producer",
        "Lego, cool",
        "Len",
        "LenaQA",
        "Leopard",
        "Less",
        "Lesson QA",
        "Let",
        "Lev",
        "LgVZa7h",
        "Liaison",
        "Liberty",
        "Licensed",
        "Life",
        "Life is life",
        "Like",
        "Like QA",
        "Lion",
        "Lioness",
        "LiqplcRTPC",
        "Little, Cremin and Jakubowski",
        "Lizard",
        "LkcpIgZkyX",
        "Loan",
        "LohIhdEzqU",
        "Lol",
        "Lolo",
        "London is the capital of Great Britten",
        "Lonna",
        "Lorem",
        "Lorem ipsum dolor sit amet, consectetuer adipiscing elit. Aenean commodo ligula eget dolor. Aenean massa. Cum sociis natoque penatibus et magnis dis parturient montes, nascetur ridiculus mus. Donec quam felis, ultricies nec, pellentesque eu, pretium quis, sem. Nulla consequat massa quis enim. Donec pede justo, fringilla vel, aliquet nec, vulputate eget, arcu. In enim justo, rhoncus ut, imperdiet a, venenatis vitae, justo. Nullam dictum felis eu pede mollis pretium. Integer tincidunt. Cras dapibus. Vivamus elementum semper nisi. Aenean vulputate eleifend tellus. Aenean leo ligula, porttitor eu, consequat vitae, eleifend ac, enim. Aliquam lorem ante, dapibus in, viverra quis, feugiat a, tellus. Phasellus viverra nulla ut metus varius laoreet. Quisque rutrum. Aenean imperdiet. Etiam ultricies nisi vel augue. Curabitur ullamcorper ultricies nisi. Nam eget dui. Etiam rhoncus. Maecenas tempus, tellus eget condimentum rhoncus, sem quam semper libero, sit amet adipiscing sem neque sed ipsum. Nam quam nunc, blandit vel, luctus pulvinar, hendrerit id, lorem. Maecenas nec odio et ante tincidunt tempus. Donec vitae sapien ut libero venenatis faucibus. Nullam quis ante. Etiam sit amet orci eget eros faucibus tincidunt. Duis leo. Sed fringilla mauris sit amet nibh. Donec sodales sagittis magna. Sed consequat, leo eget bibendum sodales, augue velit cursus nunc, quis gravida magna mi a libero. Fusce vulputate eleifend sapien. Vestibulum purus quam, scelerisque ut, mollis sed, nonummy id, metus. Nullam accumsan lorem in dui. Cras ultricies mi eu turpis hendrerit fringilla. Vestibulum ante ipsum primis in faucibus orci luctus et ultrices posuere cubilia Curae; In ac dui quis mi consectetuer lacinia. Nam pretium turpis et arcu. Duis arcu tortor, suscipit eget, imperdiet nec, imperdiet iaculis, ipsum. Sed aliquam ultrices mauris. Integer ante arcu, accumsan a, consectetuer eget, posuere ut, mauris. Praesent adipiscing. Phasellus ullamcorper ipsum rutrum nunc. Nunc nonummy metus. Vestibulum volutpat pretium libero. Cras id dui. Aenean ut eros et nisl sagittis vestibulum. Nullam nulla eros, ultricies sit amet, nonummy id, imperdiet feugiat, pede. Sed lectus. Donec mollis hendrerit risus. Phasellus nec sem in justo pellentesque facilisis. Etiam imperdiet imperdiet orci. Nunc nec neque. Phasellus leo dolor, tempus non, auctor et, hendrerit quis, nisi. Curabitur ligula sapien, tincidunt non, euismod vitae, posuere imperdiet, leo. Maecenas malesuada. Praesent congue erat at massa. Sed cursus turpis vitae tortor. Donec posuere vulputate arcu. Phasellus accumsan cursus velit. Vestibulum ante ipsum primis in faucibus orci luctus et ultrices posuere cubilia Curae; Sed aliquam, nisi quis porttitor congue, elit erat euismod orci, ac placerat dolor lectus quis orci. Phasellus consectetuer vestibulum elit. Aenean tellus metus, bibendum sed, posuere ac, mattis non, nunc. Vestibulum fringilla pede sit amet augue. In turpis. Pellentesque posuere. Praesent turpis. Aenean posuere, tortor sed cursus feugiat, nunc augue blandit nunc, eu sollicitudin urna dolor sagittis lacus. Donec elit libero, sodales nec, volutpat a, suscipit non, turpis. Nullam sagittis. Suspendisse pulvinar, augue ac venenatis condimentum, sem libero volutpat nibh, nec pellentesque velit pede quis nunc. Vestibulum ante ipsum primis in faucibus orci luctus et ultrices posuere cubilia Curae; Fusce id purus. Ut varius tincidunt libero. Phasellus dolor. Maecenas vestibulum mollis diam. Pellentesque ut neque. Pellentesque habitant morbi tristique senectus et netus et malesuada fames ac turpis egestas. In dui magna, posuere eget, vestibulum et, tempor auctor, justo. In ac felis quis tortor malesuada pretium. Pellentesque auctor neque nec urna. Proin sapien ipsum, porta a, auctor quis, euismod ut, mi. Aenean viverra rhoncus pede. Pellentesque habitant morbi tristique senectus et netus et malesuada fames ac turpis egestas. Ut non enim eleifend felis pretium feugiat. Vivamus quis mi. Phasellus a est. Phasellus magna. In hac habitasse platea dictumst. Curabitur at lacus ac velit ornare lobortis. Curabitur a felis in nunc fringilla tristique. Morbi mattis ullamcorper velit. Phasellus gravida semper nisi. Nullam vel sem. Pellentesque libero tortor, tincidunt et, tincidunt eget, semper nec, quam. Sed hendrerit. Morbi ac felis. Nunc egestas, augue at pellentesque laoreet, felis eros vehicula leo, at malesuada velit leo quis pede. Donec interdum, metus et hendrerit aliquet, dolor diam sagittis ligula, eget egestas libero turpis vel mi. Nunc nulla. Fusce risus nisl, viverra et, tempor et, pretium in, sapien. Donec venenatis vulputate lorem. Morbi nec metus. Phasellus blandit leo ut odio. Maecenas ullamcorper, dui et placerat feugiat, eros pede varius nisi, condimentum viverra felis nunc et lorem. Sed magna purus, fermentum eu, tincidunt eu, varius ut, felis. In auctor lobortis lacus. Quisque libero metus, condimentum nec, tempor a, commodo mollis, magna. Vestibulum ullamcorper mauris at ligula. Fusce fermentum. Nullam cursus lacinia erat. Praesent blandit laoreet nibh. Fusce convallis metus id felis luctus adipiscing. Pellentesque egestas, neque sit amet convallis pulvinar, justo nulla eleifend augue, ac auctor orci leo non est. Quisque id mi. Ut tincidunt tincidunt erat. Etiam feugiat lorem non metus. Vestibulum dapibus nunc ac augue. Curabitur vestibulum aliquam leo. Praesent egestas neque eu enim. In hac habitasse platea dictumst. Fusce a quam. Etiam ut purus mattis mauris sodales aliquam. Curabitur nisi. Quisque malesuada placerat nisl. Nam ipsum risus, rutrum vitae, vestibulum eu, molestie vel, lacus. Sed augue ipsum, egestas nec, vestibulum et, malesuada adipiscing, dui. Vestibulum facilisis, purus nec pulvinar iaculis, ligula mi congue nunc, vitae euismod ligula urna in dolor. Mauris sollicitudin fermentum libero. Praesent nonummy mi in odio. Nunc interdum lacus sit amet orci. Vestibulum rutrum, mi nec elementum vehicula, eros quam gravida nisl, id fringilla neque ante vel mi. Morbi mollis tellus ac sapien. Phasellus volutpat, metus eget egestas mollis, lacus lacus blandit dui, id egestas quam mauris ut lacus. Fusce vel dui. Sed in libero ut nibh placerat accumsan. Proin faucibus arcu quis ante. In consectetuer turpis ut velit. Nulla sit amet est. Praesent metus tellus, elementum eu, semper a, adipiscing nec, purus. Cras risus ipsum, faucibus ut, ullamcorper id, varius ac, leo. Suspendisse feugiat. Suspendisse enim turpis, dictum sed, iaculis a, condimentum nec, nisi. Praesent nec nisl a purus blandit viverra. Praesent ac massa at ligula laoreet iaculis. Nulla neque dolor, sagittis eget, iaculis quis, molestie non, velit. Mauris turpis nunc, blandit et, volutpat molestie, porta ut, ligula. Fusce pharetra convallis urna. Quisque ut nisi. Donec mi odio, faucibus at, scelerisque quis, convallis in, nisi. Suspendisse non nisl sit amet velit hendrerit rutrum. Ut leo. Ut a nisl id ante tempus hendrerit. Proin pretium, leo ac pellentesque mollis, felis nunc ultrices eros, sed gravida augue augue mollis justo. Suspendisse eu ligula. Nulla facilisi. Donec id justo. Praesent porttitor, nulla vitae posuere iaculis, arcu nisl dignissim dolor, a pretium mi sem ut ipsum. Curabitur suscipit suscipit tellus. Praesent vestibulum dapibus nibh. Etiam iaculis nunc ac metus. Ut id nisl quis enim dignissim sagittis. Etiam sollicitudin, ipsum eu pulvinar rutrum, tellus ipsum laoreet sapien, quis venenatis ante odio sit amet eros. Proin magna. Duis vel nibh at velit scelerisque suscipit. Curabitur turpis. Vestibulum suscipit nulla quis orci. Fusce ac felis sit amet ligula pharetra condimentum. Maecenas egestas arcu quis ligula mattis placerat. Duis lobortis massa imperdiet quam. Suspendisse potenti. Pellentesque commodo eros a enim. Vestibulum turpis sem, aliquet eget, lobortis pellentesque, rutrum eu, nisl. Sed libero. Aliquam erat volutpat. Etiam vitae tortor. Morbi vestibulum volutpat enim. Aliquam eu nunc. Nunc sed turpis. Sed mollis, eros et ultrices tempus, mauris ipsum aliquam libero, non adipiscing dolor urna a orci. Nulla porta dolor. Class aptent taciti sociosqu ad litora torquent per conubia nostra, per inceptos hymenaeos. Pellentesque dapibus hendrerit tortor. Praesent egestas tristique nibh. Sed a libero. Cras varius. Donec vitae orci sed dolor rutrum auctor. Fusce egestas elit eget lorem. Suspendisse nisl elit, rhoncus eget, elementum ac, condimentum eget, diam. Nam at tortor in tellus interdum sagittis. Aliquam lobortis. Donec orci lectus, aliquam ut, faucibus non, euismod id, nulla. Curabitur blandit mollis lacus. Nam adipiscing. Vestibulum eu odio. Vivamus laoreet. Nullam tincidunt adipiscing enim. Phasellus tempus. Proin viverra, ligula sit amet ultrices semper, ligula arcu tristique sapien, a accumsan nisi mauris ac eros. Fusce neque. Suspendisse faucibus, nunc et pellentesque egestas, lacus ante convallis tellus, vitae iaculis lacus elit id tortor. Vivamus aliquet elit ac nisl. Fusce fermentum odio nec arcu. Vivamus euismod mauris. In ut quam vitae odio lacinia tincidunt. Praesent ut ligula non mi varius sagittis. Cras sagittis. Praesent ac sem eget est egestas volutpat. Vivamus consectetuer hendrerit lacus. Cras non dolor. Vivamus in erat ut urna cursus vestibulum. Fusce commodo aliquam arcu. Nam commodo suscipit quam. Quisque id odio. Praesent venenatis metus at tortor pulvinar varius. Lorem ipsum dolor sit amet, consectetuer adipiscing elit. Aenean commodo ligula eget dolor. Aenean massa. Cum sociis natoque penatibus et magnis dis parturient montes, nascetur ridiculus mus. Donec quam felis, ultricies nec, pellentesque eu, pretium quis, sem. Nulla consequat massa quis enim. Donec pede justo, fringilla vel, aliquet nec, vulputate eget, arcu. In enim justo, rhoncus ut, imperdiet a, venenatis vitae, justo. Nullam dictum felis eu pede mollis pretium. Integer tincidunt. Cras dapibus. Vivamus elementum semper nisi. Aenean vulputate eleifend tellus. Aenean leo ligula, porttitor eu, consequat vitae, eleifend ac, enim. Aliquam lorem ante, dapibus in, viverra quis, feugiat a, tellus. Phasellus viverra nulla ut metus varius laoreet. Quisque rutrum. Aenean imperdiet. Etiam ultricies nisi vel augue. Curabitur ullamcorper ultricies nisi. Nam eget dui. Etiam rhoncus. Maecenas tempus, tellus eget condimentum rhoncus, sem quam semper libero, sit amet adipiscing sem neque sed ipsum. Nam quam nunc, blandit vel, luctus pulvinar, hendrerit id, lorem. Maecenas nec odio et ante tincidunt tempus. Donec vitae sapien ut libero venenatis faucibus. Nullam quis ante. Etiam sit amet orci eget eros faucibus tincidunt. Duis leo. Sed fringilla mauris sit amet nibh. Donec sodales sagittis magna. Sed consequat, leo eget bibendum sodales, augue velit cursus nunc, quis gravida magna mi a libero. Fusce vulputate eleifend sapien. Vestibulum purus quam, scelerisque ut, mollis sed, nonummy id, metus. Nullam accumsan lorem in dui. Cras ultricies mi eu turpis hendrerit fringilla. Vestibulum ante ipsum primis in faucibus orci luctus et ultrices posuere cubilia Curae; In ac dui quis mi consectetuer lacinia. Nam pretium turpis et arcu. Duis arcu tortor, suscipit eget, imperdiet nec, imperdiet iaculis, ipsum. Sed aliquam ultrices mauris. Integer ante arcu, accumsan a, consectetuer eget, posuere ut, mauris. Praesent adipiscing. Phasellus ullamcorper ipsum rutrum nunc. Nunc nonummy metus. Vestibulum volutpat pretium libero. Cras id dui. Aenean ut eros et nisl sagittis vestibulum. Nullam nulla eros, ultricies sit amet, nonummy id, imperdiet feugiat, pede. Sed lectus. Donec mollis hendrerit risus. Phasellus nec sem in justo pellentesque facilisis. Etiam imperdiet imperdiet orci. Nunc nec neque. Phasellus leo dolor, tempus non, auctor et, hendrerit quis, nisi. Curabitur ligula sapien, tincidunt non, euismod vitae, posuere imperdiet, leo. Maecenas malesuada. Praesent congue erat at massa. Sed cursus turpis vitae tortor. Donec posuere vulputate arcu. Phasellus accumsan cursus velit. Vestibulum ante ipsum primis in faucibus orci luctus et ultrices posuere cubilia Curae; Sed aliquam, nisi quis porttitor congue, elit erat euismod orci, ac placerat dolor lectus quis orci. Phasellus consectetuer vestibulum elit. Aenean tellus metus, bibendum sed, posuere ac, mattis non, nunc. Vestibulum fringilla pede sit amet augue. In turpis. Pellentesque posuere. Praesent turpis. Aenean posuere, tortor sed cursus feugiat, nunc augue blandit nunc, eu sollicitudin urna dolor sagittis lacus. Donec elit libero, sodales nec, volutpat a, suscipit non, turpis. Nullam sagittis. Suspendisse pulvinar, augue ac venenatis condimentum, sem libero volutpat nibh, nec pellentesque velit pede quis nunc. Vestibulum ante ipsum primis in faucibus orci luctus et ultrices posuere cubilia Curae; Fusce id purus. Ut varius tincidunt libero. Phasellus dolor. Maecenas vestibulum mollis diam. Pellentesque ut neque. Pellentesque habitant morbi tristique senectus et netus et malesuada fames ac turpis egestas. In dui magna, posuere eget, vestibulum et, tempor auctor, justo. In ac felis quis tortor malesuada pretium. Pellentesque auctor neque nec urna. Proin sapien ipsum, porta a, auctor quis, euismod ut, mi. Aenean viverra rhoncus pede. Pellentesque habitant morbi tristique senectus et netus et malesuada fames ac turpis egestas. Ut non enim eleifend felis pretium feugiat. Vivamus quis mi. Phasellus a est. Phasellus magna. In hac habitasse platea dictumst. Curabitur at lacus ac velit ornare lobortis. Curabitur a felis in nunc fringilla tristique. Morbi mattis ullamcorper velit. Phasellus gravida semper nisi. Nullam vel sem. Pellentesque libero tortor, tincidunt et, tincidunt eget, semper nec, quam. Sed hendrerit. Morbi ac felis. Nunc egestas, augue at pellentesque laoreet, felis eros vehicula leo, at malesuada velit leo quis pede. Donec interdum, metus et hendrerit aliquet, dolor diam sagittis ligula, eget egestas libero turpis vel mi. Nunc nulla. Fusce risus nisl, viverra et, tempor et, pretium in, sapien. Donec venenatis vulputate lorem. Morbi nec metus. Phasellus blandit leo ut odio. Maecenas ullamcorper, dui et placerat feugiat, eros pede varius nisi, condimentum viverra felis nunc et lorem. Sed magna purus, fermentum eu, tincidunt eu, varius ut, felis. In auctor lobortis lacus. Quisque libero metus, condimentum nec, tempor a, commodo mollis, magna. Vestibulum ullamcorper mauris at ligula. Fusce fermentum. Nullam cursus lacinia erat. Praesent blandit laoreet nibh. Fusce convallis metus id felis luctus adipiscing. Pellentesque egestas, neque sit amet convallis pulvinar, justo nulla eleifend augue, ac auctor orci leo non est. Quisque id mi. Ut tincidunt tincidunt erat. Etiam feugiat lorem non metus. Vestibulum dapibus nunc ac augue. Curabitur vestibulum aliquam leo. Praesent egestas neque eu enim. In hac habitasse platea dictumst. Fusce a quam. Etiam ut purus mattis mauris sodales aliquam. Curabitur nisi. Quisque malesuada placerat nisl. Nam ipsum risus, rutrum vitae, vestibulum eu, molestie vel, lacus. Sed augue ipsum, egestas nec, vestibulum et, malesuada adipiscing, dui. Vestibulum facilisis, purus nec pulvinar iaculis, ligula mi congue nunc, vitae euismod ligula urna in dolor. Mauris sollicitudin fermentum libero. Praesent nonummy mi in odio. Nunc interdum lacus sit amet orci. Vestibulum rutrum, mi nec elementum vehicula, eros quam gravida nisl, id fringilla neque ante vel mi. Morbi mollis tellus ac sapien. Phasellus volutpat, metus eget egestas mollis, lacus lacus blandit dui, id egestas quam mauris ut lacus. Fusce vel dui. Sed in libero ut nibh placerat accumsan. Proin faucibus arcu quis ante. In consectetuer turpis ut velit. Nulla sit amet est. Praesent metus tellus, elementum eu, semper a, adipiscing nec, purus. Cras risus ipsum, faucibus ut, ullamcorper id, varius ac, leo. Suspendisse feugiat. Suspendisse enim turpis, dictum sed, iaculis a, condimentum nec, nisi. Praesent nec nisl a purus blandit viverra. Praesent ac massa at ligula laoreet iaculis. Nulla neque dolor, sagittis eget, iaculis quis, molestie non, velit. Mauris turpis nunc, blandit et, volutpat molestie, porta ut, ligula. Fusce pharetra convallis urna. Quisque ut nisi. Donec mi odio, faucibus at, scelerisque quis, convallis in, nisi. Suspendisse non nisl sit amet velit hendrerit rutrum. Ut leo. Ut a nisl id ante tempus hendrerit. Proin pretium, leo ac pellentesque mollis, felis nunc ultrices eros, sed gravida augue augue mollis justo. Suspendisse eu ligula. Nulla facilisi. Donec id justo. Praesent porttitor, nulla vitae posuere iaculis, arcu nisl dignissim dolor, a pretium mi sem ut ipsum. Curabitur suscipit suscipit tellus. Praesent vestibulum dapibus nibh. Etiam iaculis nunc ac metus. Ut id nisl quis enim dignissim sagittis. Etiam sollicitudin, ipsum eu pulvinar rutrum, tellus ipsum laoreet sapien, quis venenatis ante odio sit amet eros. Proin magna. Duis vel nibh at velit scelerisque suscipit. Curabitur turpis. Vestibulum suscipit nulla quis orci. Fusce ac felis sit amet ligula pharetra condimentum. Maecenas egestas arcu quis ligula mattis placerat. Duis lobortis massa imperdiet quam. Suspendisse potenti. Pellentesque commodo eros a enim. Vestibulum turpis sem, aliquet eget, lobortis pellentesque, rutrum eu, nisl. Sed libero. Aliquam erat volutpat. Etiam vitae tortor. Morbi vestibulum volutpat enim. Aliquam eu nunc. Nunc sed turpis. Sed mollis, eros et ultrices tempus, mauris ipsum aliquam libero, non adipiscing dolor urna a orci. Nulla porta dolor. Class aptent taciti sociosqu ad litora torquent per conubia nostra, per inceptos hymenaeos. Pellentesque dapibus hendrerit tortor. Praesent egestas tristique nibh. Sed a libero. Cras varius. Donec vitae orci sed dolor rutrum auctor. Fusce egestas elit eget lorem. Suspendisse nisl elit, rhoncus eget, elementum ac, condimentum eget, diam. Nam at tortor in tellus interdum sagittis. Aliquam lobortis. Donec orci lectus, aliquam ut, faucibus non, euismod id, nulla. Curabitur blandit mollis lacus. Nam adipiscing. Vestibulum eu odio. Vivamus laoreet. Nullam tincidunt adipiscing enim. Phasellus tempus. Proin viverra, ligula sit amet ultrices semper, ligula arcu tristique sapien, a accumsan nisi mauris ac eros. Fusce neque. Suspendisse faucibus, nunc et pellentesque egestas, lacus ante convallis tellus, vitae iaculis lacus elit id tortor. Vivamus aliquet elit ac nisl. Fusce fermentum odio nec arcu. Vivamus euismod mauris. In ut quam vitae odio lacinia tincidunt. Praesent ut ligula non mi varius sagittis. Cras sagittis. Praesent ac sem eget est egestas volutpat. Vivamus consectetuer hendrerit lacus. Cras non dolor. Vivamus in erat ut urna cursus vestibulum. Fusce commodo aliquam arcu. Nam commodo suscipit quam. Quisque id odio. Praesent venenatis metus at tortor pulvinar varius. Lorem ipsum dolor sit amet, consectetuer adipiscing elit. Aenean commodo ligula eget dolor. Aenean massa. Cum sociis natoque penatibus et magnis dis parturient montes, nascetur ridiculus mus. Donec quam felis, ultricies nec, pellentesque eu, pretium quis, sem. Nulla consequat massa quis enim. Donec pede justo, fringilla vel, aliquet nec, vulputate eget, arcu. In enim justo, rhoncus ut, imperdiet a, venenatis vitae, justo. Nullam dictum felis eu pede mollis pretium. Integer tincidunt. Cras dapibus. Vivamus elementum semper nisi. Aenean vulputate eleifend tellus. Aenean leo ligula, porttitor eu, consequat vitae, eleifend ac, enim. Aliquam lorem ante, dapibus in, viverra quis, feugiat a, tellus. Phasellus viverra nulla ut metus varius laoreet. Quisque rutrum. Aenean imperdiet. Etiam ultricies nisi vel augue. Curabitur ullamcorper ultricies nisi. Nam eget dui. Etiam rhoncus. Maecenas tempus, tellus eget condimentum rhoncus, sem quam semper libero, sit amet adipiscing sem neque sed ipsum. Nam quam nunc, blandit vel, luctus pulvinar, hendrerit id, lorem. Maecenas nec odio et ante tincidunt tempus. Donec vitae sapien ut libero venenatis faucibus. Nullam quis ante. Etiam sit amet orci eget eros faucibus tincidunt. Duis leo. Sed fringilla mauris sit amet nibh. Donec sodales sagittis magna. Sed consequat, leo eget bibendum sodales, augue velit cursus nunc, quis gravida magna mi a libero. Fusce vulputate eleifend sapien. Vestibulum purus quam, scelerisque ut, mollis sed, nonummy id, metus. Nullam accumsan lorem in dui. Cras ultricies mi eu turpis hendrerit fringilla. Vestibulum ante ipsum primis in faucibus orci luctus et ultrices posuere cubilia Curae; In ac dui quis mi consectetuer lacinia. Nam pretium turpis et arcu. Duis arcu tortor, suscipit eget, imperdiet nec, imperdiet iaculis, ipsum. Sed aliquam ultrices mauris. Integer ante arcu, accumsan a, consectetuer eget, posuere ut, mauris. Praesent adipiscing. Phasellus ullamcorper ipsum rutrum nunc. Nunc nonummy metus. Vestibulum volutpat pretium libero. Cras id dui. Aenean ut eros et nisl sagittis vestibulum. Nullam nulla eros, ultricies sit amet, nonummy id, imperdiet feugiat, pede. Sed lectus. Donec mollis hendrerit risus. Phasellus nec sem in justo pellentesque facilisis. Etiam imperdiet imperdiet orci. Nunc nec neque. Phasellus leo dolor, tempus non, auctor et, hendrerit quis, nisi. Curabitur ligula sapien, tincidunt non, euismod vitae, posuere imperdiet, leo. Maecenas malesuada. Praesent congue erat at massa. Sed cursus turpis vitae tortor. Donec posuere vulputate arcu. Phasellus accumsan cursus velit. Vestibulum ante ipsum primis in faucibus orci luctus et ultrices posuere cubilia Curae; Sed aliquam, nisi quis porttitor congue, elit erat euismod orci, ac placerat dolor lectus quis orci. Phasellus consectetuer vestibulum elit. Aenean tellus metus, bibendum sed, posuere ac, mattis non, nunc. Vestibulum fringilla pede sit amet augue. In turpis. Pellentesque posuere. Praesent turpis. Aenean posuere, tortor sed cursus feugiat, nunc augue blandit nunc, eu sollicitudin urna dolor sagittis lacus. Donec elit libero, sodales nec, volutpat a, suscipit non, turpis. Nullam sagittis. Suspendisse pulvinar, augue ac venenatis condimentum, sem libero volutpat nibh, nec pellentesque velit pede quis nunc. Vestibulum ante ipsum primis in faucibus orci luctus et ultrices posuere cubilia Curae; Fusce id purus. Ut varius tincidunt libero. Phasellus dolor. Maecenas vestibulum mollis diam. Pellentesque ut neque. Pellentesque habitant morbi tristique senectus et netus et malesuada fames ac turpis egestas. In dui magna, posuere eget, vestibulum et, tempor auctor, justo. In ac felis quis tortor malesuada pretium. Pellentesque auctor neque nec urna. Proin sapien ipsum, porta a, auctor quis, euismod ut, mi. Aenean viverra rhoncus pede. Pellentesque habitant morbi tristique senectus et netus et malesuada fames ac turpis egestas. Ut non enim eleifend felis pretium feugiat. Vivamus quis mi. Phasellus a est. Phasellus magna. In hac habitasse platea dictumst. Curabitur at lacus ac velit ornare lobortis. Curabitur a felis in nunc fringilla tristique. Morbi mattis ullamcorper velit. Phasellus gravida semper nisi. Nullam vel sem. Pellentesque libero tortor, tincidunt et, tincidunt eget, semper nec, quam. Sed hendrerit. Morbi ac felis. Nunc egestas, augue at pellentesque laoreet, felis eros vehicula leo, at malesuada velit leo quis pede. Donec interdum, metus et hendrerit aliquet, dolor diam sagittis ligula, eget egestas libero turpis vel mi. Nunc nulla. Fusce risus nisl, viverra et, tempor et, pretium in, sapien. Donec venenatis vulputate lorem. Morbi nec metus. Phasellus blandit leo ut odio. Maecenas ullamcorper, dui et placerat feugiat, eros pede varius nisi, condimentum viverra felis nunc et lorem. Sed magna purus, fermentum eu, tincidunt eu, varius ut, felis. In auctor lobortis lacus. Quisque libero metus, condimentum nec, tempor a, commodo mollis, magna. Vestibulum ullamcorper mauris at ligula. Fusce fermentum. Nullam cursus lacinia erat. Praesent blandit laoreet nibh. Fusce convallis metus id felis luctus adipiscing. Pellentesque egestas, neque sit amet convallis pulvinar, justo nulla eleifend augue, ac auctor orci leo non est. Quisque id mi. Ut tincidunt tincidunt erat. Etiam feugiat lorem non metus. Vestibulum dapibus nunc ac augue. Curabitur vestibulum aliquam leo. Praesent egestas neque eu enim. In hac habitasse platea dictumst. Fusce a quam. Etiam ut purus mattis mauris sodales aliquam. Curabitur nisi. Quisque malesuada placerat nisl. Nam ipsum risus, rutrum vitae, vestibulum eu, molestie vel, lacus. Sed augue ipsum, egestas nec, vestibulum et, malesuada adipiscing, dui. Vestibulum facilisis, purus nec pulvinar iaculis, ligula mi congue nunc, vitae euismod ligula urna in dolor. Mauris sollicitudin fermentum libero. Praesent nonummy mi in odio. Nunc interdum lacus sit amet orci. Vestibulum rutrum, mi nec elementum vehicula, eros quam gravida nisl, id fringilla neque ante vel mi. Morbi mollis tellus ac sapien. Phasellus volutpat, metus eget egestas mollis, lacus lacus blandit dui, id egestas quam mauris ut lacus. Fusce vel dui. Sed in libero ut nibh placerat accumsan. Proin faucibus arcu quis ante. In consectetuer turpis ut velit. Nulla sit amet est. Praesent metus tellus, elementum eu, semper a, adipiscing nec, purus. Cras risus ipsum, faucibus ut, ullamcorper id, varius ac, leo. Suspendisse feugiat. Suspendisse enim turpis, dictum sed, iaculis a, condimentum nec, nisi. Praesent nec nisl a purus blandit viverra. Praesent ac massa at ligula laoreet iaculis. Nulla neque dolor, sagittis eget, iaculis quis, molestie non, velit. Mauris turpis nunc, blandit et, volutpat molestie, porta ut, ligula. Fusce pharetra convallis urna. Quisque ut nisi. Donec mi odio, faucibus at, scelerisque quis, convallis in, nisi. Suspendisse non nisl sit amet velit hendrerit rutrum. Ut leo. Ut a nisl id ante tempus hendrerit. Proin pretium, leo ac pellentesque mollis, felis nunc ultrices eros, sed gravida augue augue mollis justo. Suspendisse eu ligula. Nulla facilisi. Donec id justo. Praesent porttitor, nulla vitae posuere iaculis, arcu nisl dignissim dolor, a pretium mi sem ut ipsum. Curabitur suscipit suscipit tellus. Praesent vestibulum dapibus nibh. Etiam iaculis nunc ac metus. Ut id nisl quis enim dignissim sagittis. Etiam sollicitudin, ipsum eu pulvinar rutrum, tellus ipsum laoreet sapien, quis venenatis ante odio sit amet eros. Proin magna. Duis vel nibh at velit scelerisque suscipit. Curabitur turpis. Vestibulum suscipit nulla quis orci. Fusce ac felis sit amet ligula pharetra condimentum. Maecenas egestas arcu quis ligula mattis placerat. Duis lobortis massa imperdiet quam. Suspendisse potenti. Pellentesque commodo eros a enim. Vestibulum turpis sem, aliquet eget, lobortis pellentesque, rutrum eu, nisl. Sed libero. Aliquam erat volutpat. Etiam vitae tortor. Morbi vestibulum volutpat enim. Aliquam eu nunc. Nunc sed turpis. Sed mollis, eros et ultrices tempus, mauris ipsum aliquam libero, non adipiscing dolor urna a orci. Nulla porta dolor. Class aptent taciti sociosqu ad litora torquent per conubia nostra, per inceptos hymenaeos. Pellentesque dapibus hendrerit tortor. Praesent egestas tristique nibh. Sed a libero. Cras varius. Donec vitae orci sed dolor rutrum auctor. Fusce egestas elit eget lorem. Suspendisse nisl elit, rhoncus eget, elementum ac, condimentum eget, diam. Nam at tortor in tellus interdum sagittis. Aliquam lobortis. Donec orci lectus, aliquam ut, faucibus non, euismod id, nulla. Curabitur blandit mollis lacus. Nam adipiscing. Vestibulum eu odio. Vivamus laoreet. Nullam tincidunt adipiscing enim. Phasellus tempus. Proin viverra, ligula sit amet ultrices semper, ligula arcu tristique sapien, a accumsan nisi mauris ac eros. Fusce neque. Suspendisse faucibus, nunc et pellentesque egestas, lacus ante convallis tellus, vitae iaculis lacus elit id tortor. Vivamus aliquet elit ac nisl. Fusce fermentum odio nec arcu. Vivamus euismod mauris. In ut quam vitae odio lacinia tincidunt. Praesent ut ligula non mi varius sagittis. Cras sagittis. Praesent ac sem eget est egestas volutpat. Vivamus consectetuer hendrerit lacus. Cras non dolor. Vivamus in erat ut urna cursus vestibulum. Fusce commodo aliquam arcu. Nam commodo suscipit quam. Quisque id odio. Praesent venenatis metus at tortor pulvinar varius. Lorem ipsum dolor sit amet, consectetuer adipiscing elit. Aenean commodo ligula eget dolor. Aenean massa. Cum sociis natoque penatibus et magnis dis parturient montes, nascetur ridiculus mus. Donec quam felis, ultricies nec, pellentesque eu, pretium quis, sem. Nulla consequat massa quis enim. Donec pede justo, fringilla vel, aliquet nec, vulputate eget, arcu. In enim justo, rhoncus ut, imperdiet a, venenatis vitae, justo. Nullam dictum felis eu pede mollis pretium. Integer tincidunt. Cras dapibus. Vivamus elementum semper nisi. Aenean vulputate eleifend tellus. Aenean leo ligula, porttitor eu, consequat vitae, eleifend ac, enim. Aliquam lorem ante, dapibus in, viverra quis, feugiat a, tellus. Phasellus viverra nulla ut metus varius laoreet. Quisque rutrum. Aenean imperdiet. Etiam ultricies nisi vel augue. Curabitur ullamcorper ultricies nisi. Nam eget dui. Etiam rhoncus. Maecenas tempus, tellus eget condimentum rhoncus, sem quam semper libero, sit amet adipiscing sem neque sed ipsum. Nam quam nunc, blandit vel, luctus pulvinar, hendrerit id, lorem. Maecenas nec odio et ante tincidunt tempus. Donec vitae sapien ut libero venenatis faucibus. Nullam quis ante. Etiam sit amet orci eget eros faucibus tincidunt. Duis leo. Sed fringilla mauris sit amet nibh. Donec sodales sagittis magna. Sed consequat, leo eget bibendum sodales, augue velit cursus nunc, quis gravida magna mi a libero. Fusce vulputate eleifend sapien. Vestibulum purus quam, scelerisque ut, mollis sed, nonummy id, metus. Nullam accumsan lorem in dui. Cras ultricies mi eu turpis hendrerit fringilla. Vestibulum ante ipsum primis in faucibus orci luctus et ultrices posuere cubilia Curae; In ac dui quis mi consectetuer lacinia. Nam pretium turpis et arcu. Duis arcu tortor, suscipit eget, imperdiet nec, imperdiet iaculis, ipsum. Sed aliquam ultrices mauris. Integer ante arcu, accumsan a, consectetuer eget, posuere ut, mauris. Praesent adipiscing. Phasellus ullamcorper ipsum rutrum nunc. Nunc nonummy metus. Vestibulum volutpat pretium libero. Cras id dui. Aenean ut eros et nisl sagittis vestibulum. Nullam nulla eros, ultricies sit amet, nonummy id, imperdiet feugiat, pede. Sed lectus. Donec mollis hendrerit risus. Phasellus nec sem in justo pellentesque facilisis. Etiam imperdiet imperdiet orci. Nunc nec neque. Phasellus leo dolor, tempus non, auctor et, hendrerit quis, nisi. Curabitur ligula sapien, tincidunt non, euismod vitae, posuere imperdiet, leo. Maecenas malesuada. Praesent congue erat at massa. Sed cursus turpis vitae tortor. Donec posuere vulputate arcu. Phasellus accumsan cursus velit. Vestibulum ante ipsum primis in faucibus orci luctus et ultrices posuere cubilia Curae; Sed aliquam, nisi quis porttitor congue, elit erat euismod orci, ac placerat dolor lectus quis orci. Phasellus consectetuer vestibulum elit. Aenean tellus metus, bibendum sed, posuere ac, mattis non, nunc. Vestibulum fringilla pede sit amet augue. In turpis. Pellentesque posuere. Praesent turpis. Aenean posuere, tortor sed cursus feugiat, nunc augue blandit nunc, eu sollicitudin urna dolor sagittis lacus. Donec elit libero, sodales nec, volutpat a, suscipit non, turpis. Nullam sagittis. Suspendisse pulvinar, augue ac venenatis condimentum, sem libero volutpat nibh, nec pellentesque velit pede quis nunc. Vestibulum ante ipsum primis in faucibus orci luctus et ultrices posuere cubilia Curae; Fusce id purus. Ut varius tincidunt libero. Phasellus dolor. Maecenas vestibulum mollis diam. Pellentesque ut neque. Pellentesque habitant morbi tristique senectus et netus et malesuada fames ac turpis egestas. In dui magna, posuere eget, vestibulum et, tempor auctor, justo. In ac felis quis tortor malesuada pretium. Pellentesque auctor neque nec urna. Proin sapien ipsum, porta a, auctor quis, euismod ut, mi. Aenean viverra rhoncus pede. Pellentesque habitant morbi tristique senectus et netus et malesuada fames ac turpis egestas. Ut non enim eleifend felis pretium feugiat. Vivamus quis mi. Phasellus a est. Phasellus magna. In hac habitasse platea dictumst. Curabitur at lacus ac velit ornare lobortis. Curabitur a felis in nunc fringilla tristique. Morbi mattis ullamcorper velit. Phasellus gravida semper nisi. Nullam vel sem. Pellentesque libero tortor, tincidunt et, tincidunt eget, semper nec, quam. Sed hendrerit. Morbi ac felis. Nunc egestas, augue at pellentesque laoreet, felis eros vehicula leo, at malesuada velit leo quis pede. Donec interdum, metus et hendrerit aliquet, dolor diam sagittis ligula, eget egestas libero turpis vel mi. Nunc nulla. Fusce risus nisl, viverra et, tempor et, pretium in, sapien. Donec venenatis vulputate lorem. Morbi nec metus. Phasellus blandit leo ut odio. Maecenas ullamcorper, dui et placerat feugiat, eros pede varius nisi, condimentum viverra felis nunc et lorem. Sed magna purus, fermentum eu, tincidunt eu, varius ut, felis. In auctor lobortis lacus. Quisque libero metus, condimentum nec, tempor a, commodo mollis, magna. Vestibulum ullamcorper mauris at ligula. Fusce fermentum. Nullam cursus lacinia erat. Praesent blandit laoreet nibh. Fusce convallis metus id felis luctus adipiscing. Pellentesque egestas, neque sit amet convallis pulvinar, justo nulla eleifend augue, ac auctor orci leo non est. Quisque id mi. Ut tincidunt tincidunt erat. Etiam feugiat lorem non metus. Vestibulum dapibus nunc ac augue. Curabitur vestibulum aliquam leo. Praesent egestas neque eu enim. In hac habitasse platea dictumst. Fusce a quam. Etiam ut purus mattis mauris sodales aliquam. Curabitur nisi. Quisque malesuada placerat nisl. Nam ipsum risus, rutrum vitae, vestibulum eu, molestie vel, lacus. Sed augue ipsum, egestas nec, vestibulum et, malesuada adipiscing, dui. Vestibulum facilisis, purus nec pulvinar iaculis, ligula mi congue nunc, vitae euismod ligula urna in dolor. Mauris sollicitudin fermentum libero. Praesent nonummy mi in odio. Nunc interdum lacus sit amet orci. Vestibulum rutrum, mi nec elementum vehicula, eros quam gravida nisl, id fringilla neque ante vel mi. Morbi mollis tellus ac sapien. Phasellus volutpat, metus eget egestas mollis, lacus lacus blandit dui, id egestas quam mauris ut lacus. Fusce vel dui. Sed in libero ut nibh placerat accumsan. Proin faucibus arcu quis ante. In consectetuer turpis ut velit. Nulla sit amet est. Praesent metus tellus, elementum eu, semper a, adipiscing nec, purus. Cras risus ipsum, faucibus ut, ullamcorper id, varius ac, leo. Suspendisse feugiat. Suspendisse enim turpis, dictum sed, iaculis a, condimentum nec, nisi. Praesent nec nisl a purus blandit viverra. Praesent ac massa at ligula laoreet iaculis. Nulla neque dolor, sagittis eget, iaculis quis, molestie non, velit. Mauris turpis nunc, blandit et, volutpat molestie, porta ut, ligula. Fusce pharetra convallis urna. Quisque ut nisi. Donec mi odio, faucibus at, scelerisque quis, convallis in, nisi. Suspendisse non nisl sit amet velit hendrerit rutrum. Ut leo. Ut a nisl id ante tempus hendrerit. Proin pretium, leo ac pellentesque mollis, felis nunc ultrices eros, sed gravida augue augue mollis justo. Suspendisse eu ligula. Nulla facilisi. Donec id justo. Praesent porttitor, nulla vitae posuere iaculis, arcu nisl dignissim dolor, a pretium mi sem ut ipsum. Curabitur suscipit suscipit tellus. Praesent vestibulum dapibus nibh. Etiam iaculis nunc ac metus. Ut id nisl quis enim dignissim sagittis. Etiam sollicitudin, ipsum eu pulvinar rutrum, tellus ipsum laoreet sapien, quis venenatis ante odio sit amet eros. Proin magna. Duis vel nibh at velit s
[...]
        "testQA",
        "testTag",
        "testTags",
        "testText",
        "testTrue",
        "testUrl",
        "test_1",
        "test_2",
        "test_auto",
        "test_qa",
        "test_tag",
        "test_tag_",
        "test_tage",
        "test_teg",
        "teste",
        "testeBanri",
        "testeBanri2",
        "tester",
        "tester, backend, python, qa",
        "testera",
        "testers",
        "testfran3",
        "testing",
        "testing API",
        "testing software",
        "testing tag",
        "testing, qa, tester",
        "testingQAWork",
        "testov123",
        "testqa",
        "testrisem",
        "tests",
        "testtag",
        "testtags",
        "testtesttest",
        "text",
        "text, test",
        "text22",
        "tg",
        "tgp47A7E, Kgl3f9, n0UceQsX, CTp, YI6TyWAa",
        "the-Best",
        "there",
        "they",
        "thing",
        "think different",
        "third",
        "thirdTag",
        "this",
        "thisistag",
        "those",
        "thousand",
        "three",
        "three dog",
        "throughout",
        "thx for this web-service",
        "tiJqYXYzvx",
        "tibetain mastiff",
        "tick",
        "tiger",
        "tiger ",
        "tiger, cute",
        "tiger, cute wild",
        "tiger, cute, wild",
        "tigor",
        "time",
        "timoha",
        "tin tức, 24h, vnxpress",
        "tiny",
        "to",
        "today",
        "token: eyJraWQiOiJXaUk5ZGNFM0Q2RTB5Vk00cHplNmRrdmNDRzI5UHZvMEZsZ1VUWVAwZVJrPSIsImFsZyI6IlJTMjU2In0.eyJzdWIiOiJmZDI3ODg3NS1mOTM1LTQ0OGYtOWZlZS01OWZlODIyNzY2ZWYiLCJldmVudF9pZCI6IjJiNmY3OWM1LWQ0MzgtNDZkNi1iZTY4LTZjM2Q1NjQxYjk0NyIsInRva2VuX3VzZSI6ImFjY2VzcyIsInNjb3BlIjoiYXdzLmNvZ25pdG8uc2lnbmluLnVzZXIuYWRtaW4iLCJhdXRoX3RpbWUiOjE2NTQxNTI5MTcsImlzcyI6Imh0dHBzOlwvXC9jb2duaXRvLWlkcC5ldS13ZXN0LTEuYW1hem9uYXdzLmNvbVwvZXUtd2VzdC0xXzhQNWZnNDVEVyIsImV4cCI6MTY1NDE1NjUxNywiaWF0IjoxNjU0MTUyOTE3LCJqdGkiOiJmNWMzYzYzYi1iNjA2LTQxNGYtYjgwMy1hMDJlODIzNjc0NWUiLCJjbGllbnRfaWQiOiI0ZmQ4ZWFxZ2p2NHEybDQ4a2Nha3VtZjE0MyIsInVzZXJuYW1lIjoiZmQyNzg4NzUtZjkzNS00NDhmLTlmZWUtNTlmZTgyMjc2NmVmIn0.nUvPmA0DFe93VH6C1kbc2F1aocJwQCpfMz-mxoLOquVFArfC6vG-mfUugQQaSZ2qvI3O9oJaNu4KfWpeVMUEE02AwU6VsFOPpJlMiAxdZREWbY6mnUmCXJR0MWRAvyVpT9gQE5joyFOVQzIyC5VGgRLy356lmvsbagSeuPvRm4MKCUYkmXVtYt95FqwJY6DL-T7bPUV64uBF3MksZ8dys-I3S0eAKrCRFzSD978XjIuQnbMmpq-m_afZDvEvxMypvkThR2722I9VNZy6ZirZNsY0R_4gIsbUkjiH76THQ3KY1YPTkEneDG9DOvb9D06PtHASmUYmISE0ZVLqWxySmQ",
        "token: eyJraWQiOiJXaUk5ZGNFM0Q2RTB5Vk00cHplNmRrdmNDRzI5UHZvMEZsZ1VUWVAwZVJrPSIsImFsZyI6IlJTMjU2In0.eyJzdWIiOiJmZDI3ODg3NS1mOTM1LTQ0OGYtOWZlZS01OWZlODIyNzY2ZWYiLCJldmVudF9pZCI6ImJlMTJkZTJiLWVmMGItNGMzMS1hN2I0LTc3ZTBjMzg4NjVhOSIsInRva2VuX3VzZSI6ImFjY2VzcyIsInNjb3BlIjoiYXdzLmNvZ25pdG8uc2lnbmluLnVzZXIuYWRtaW4iLCJhdXRoX3RpbWUiOjE2NTQxNTM4MTEsImlzcyI6Imh0dHBzOlwvXC9jb2duaXRvLWlkcC5ldS13ZXN0LTEuYW1hem9uYXdzLmNvbVwvZXUtd2VzdC0xXzhQNWZnNDVEVyIsImV4cCI6MTY1NDE1NzQxMSwiaWF0IjoxNjU0MTUzODExLCJqdGkiOiI2MjFjYzViMC04YTRkLTRiZWQtODg2Ni1iZDFmOTljNTg1NDMiLCJjbGllbnRfaWQiOiI0ZmQ4ZWFxZ2p2NHEybDQ4a2Nha3VtZjE0MyIsInVzZXJuYW1lIjoiZmQyNzg4NzUtZjkzNS00NDhmLTlmZWUtNTlmZTgyMjc2NmVmIn0.mb_LK7zRWTpRubW6YscgA_QZIS-Jsf_K5NeVLcnnumFt77mC6ZOKmTI17XA7otF24aKeKh1i-i2wbIrKO2p6GuCyVrwOKm8siDDsshcMHPc1qb-WvtuV2dumAWweqJt2itcjTRdKBfIGManLLLOfkSfMCi5pr_De7oDzmyXME0y9dCMq2fV7NpwUodwZKYdwwCAVfUOuBeUld-AXdWMuXyCxTYqiPHMnesKfyaIgwgUOUVBm612_gk1i2-4LZw9Wx-K3ccMmzQiMAReM4GRWb_YTtVczTyCknrEgsqLCWeTxjzXy0eNmfTe2XW6RTkqoZofzcbYKZswXS36K2eBtkA",
        "tomo",
        "tongue",
        "top",
        "top_content",
        "topdog",
        "toronto",
        "total",
        "totam",
        "toto",
        "tours",
        "toward",
        "town",
        "toy",
        "traditional",
        "train",
        "train station",
        "tralalala",
        "transform",
        "transmitter",
        "transportation",
        "travel",
        "travor",
        "trdg",
        "tree",
        "trees",
        "trend",
        "treti",
        "trial",
        "trrziJJOPy",
        "true",
        "try",
        "trye",
        "tryit",
        "trèbes",
        "tsRxnSOdwY",
        "tst",
        "tszeGqssTK",
        "tt",
        "ttfyy",
        "tttt",
        "tunnel",
        "turn-key",
        "turquoise",
        "tweettt",
        "two",
        "txfZMWODPY",
        "tyIYHUGQUI",
        "tyfy",
        "type",
        "tyshawn",
        "tyy",
        "tyyyy",
        "u",
        "uHGMoOhUpd",
        "uHTPHDKQas",
        "uNYVQIvWAf",
        "uOWCtWxgMl",
        "uPCfQfzIxo",
        "uPslHYcKuV",
        "uZrU",
        "ucFrwyjVdR",
        "uchiha",
        "uf7J4sM4, 8k0FAg5, GDoz, 3RLraAp",
        "ugZnlraBrQ",
        "ugay",
        "uiuiue",
        "ukraine",
        "ukuy",
        "ukyefARfKk",
        "ullam",
        "umag",
        "umberella",
        "unde",
        "understand",
        "unit",
        "united states",
        "universe",
        "unleash",
        "unsorted",
        "up",
        "upUOkhYQmo",
        "update",
        "updated",
        "updatedqatesting",
        "updatet",
        "updatetag",
        "updatetags",
        "upland",
        "upon",
        "us",
        "usXOcjtGNJ",
        "usa",
        "user",
        "user-facing",
        "userphoto",
        "users",
        "users33",
        "uspomena",
        "usually",
        "usykchampion",
        "ut",
        "ut aliquid commodi",
        "utf",
        "utffffffff-8",
        "utilize",
        "utur",
        "uuuu",
        "uyXZiRFvno",
        "uИДoЪ2х9",
        "v",
        "vEYYDtSRoK",
        "vHLuuWKuRW",
        "vHlmaEfshW",
        "vHyAwwGFUO",
        "vacation",
        "vagas",
        "vagina",
        "valea adâncă",
        "vampire",
        "vancouver",
        "varsha",
        "vasiaTag",
        "vasya3",
        "vdnk",
        "vebGufTEbB",
        "vegetables",
        "vehicle",
        "vel",
        "velit",
        "velit inventore dicta",
        "velit molestiae hic",
        "veniam",
        "veniam cupiditate eum",
        "veniam maxime vel",
        "veritatis",
        "vero",
        "vero numquam expedita",
        "verycool",
        "vessel",
        "vf",
        "vgEjEmpEvj",
        "vht",
        "vibe",
        "view",
        "vik",
        "vini",
        "violet",
        "virtual",
        "visualize",
        "vitae",
        "vitae consequatur qui",
        "vjfrKQsZqF",
        "vk.com",
        "vkSOShoEWe",
        "vkop",
        "vmszcIASje",
        "voice",
        "volodya",
        "volosaty",
        "voluptas",
        "voluptas ea nulla",
        "voluptas et fugit",
        "voluptas ut harum",
        "voluptas voluptatem sit",
        "voluptate",
        "voluptatem",
        "voluptates",
        "voluptates adipisci quia",
        "voluptatibus",
        "voluptatum",
        "vootFkzWup",
        "vortals",
        "vote",
        "vovqa",
        "vrbnDUHhLF",
        "vtoroi",
        "vuejs",
        "vv",
        "vvv",
        "vw",
        "vxcv",
        "vxyTGLSMBq",
        "w",
        "wBXoKYrWOZ",
        "wFkUDFHttz",
        "wHWFtLQyxj",
        "wKJurEgxkJ",
        "wKLveFaXJJ",
        "wLbYedszmk",
        "wMtJY5S9O, 7P99o, uxpx, Z2DCyAEBz, 9fMrL, uAHa1M, m3o1KrUA, jvWS, nN8, YIySoqn",
        "wMvxiAZodB",
        "wOwMXSfiwU",
        "wSjkELNNFO",
        "wSqjBbIGgX",
        "wZlaYkwzso",
        "wa",
        "wahoo",
        "walgOCmUkT",
        "walk",
        "wall",
        "want",
        "war",
        "watch",
        "water",
        "water, cat, dog",
        "water, dogs",
        "water, fish, sunbathe, cats, gently",
        "water_drop",
        "waterfront",
        "way",
        "we",
        "weather",
        "weathertoday",
        "web",
        "weight",
        "welcome",
        "welcomen",
        "well",
        "welsh corgi",
        "wer",
        "wert",
        "werwe",
        "werwer",
        "werwerw",
        "werwrw",
        "west",
        "western",
        "wew",
        "wf",
        "wffOYZYeWb",
        "wgURRlnemR",
        "what tags?",
        "wheel",
        "where",
        "white",
        "white bulldgo",
        "whiteboard",
        "whole",
        "whom",
        "whose",
        "why",
        "wife",
        "wikQRaumbm",
        "wild",
        "wildlife",
        "will",
        "wilmer",
        "win",
        "window",
        "windows",
        "wine",
        "winter",
        "winter1",
        "winter3",
        "wireless",
        "wish",
        "withdrawal",
        "without",
        "wjAIjBxOfv",
        "wmmaNRYogO",
        "wolf",
        "wolf, animals, love",
        "woman",
        "womans",
        "women",
        "wonder",
        "wonderful",
        "wood",
        "words",
        "work",
        "work1",
        "work2",
        "worker",
        "world",
        "worldd",
        "would",
        "wourld",
        "wow",
        "wow exiting fullable sirprise",
        "wqdeq",
        "wqwq",
        "wrNQRkUYUi",
        "wrath1",
        "write",
        "writing",
        "wtf",
        "wuff",
        "www",
        "wwww",
        "wwwwwwwwwwwwwwwwwwwwwww",
        "xAKqgHwVGI",
        "xEdmxuDPVm",
        "xKhOtiKDtE",
        "xQWLdbVKtH",
        "xZiRxDsroc",
        "xeUзВH[л",
        "xhuFaUHyDr",
        "xx",
        "y",
        "yDUGDsKAwz",
        "yHcLKffUmM",
        "ySzZriEBes",
        "yUNKyTHKGS",
        "yacht",
        "yara",
        "yazan",
        "ydlLkDRRkM",
        "ye",
        "ye324",
        "yea",
        "yeah",
        "year",
        "yeeeee",
        "yejbzUhAEb",
        "yellow",
        "yeni",
        "yes",
        "yet",
        "yfhf",
        "yhdfyf",
        "yiKlKpFjFx",
        "yjTzgahbSM",
        "ykckbTaVLX",
        "yo",
        "yo mama",
        "yosemite valley",
        "yoy",
        "yug",
        "yumatov_dima",
        "yy",
        "yyhzuuYOIO",
        "yyy",
        "zCHXnyJqNV",
        "zJQFrcxfZk",
        "zLDldzpSEH",
        "zOOkiQspFy",
        "zObImDIB",
        "zRrUZDCPiS",
        "zalupka",
        "zeka",
        "zeleboba",
        "zelenskyi",
        "zgUVhXqRqA",
        "zhopa",
        "zivotinje",
        "zkLXgZaWIB",
        "zkMXЛМxк, ОDWfv0I5Q, ЁббAbKШ!Д8, GтRь8, 8ёо2TТt:ъ, эц7аJеUЛh, 3ПЕЛB, ^ш01'n, гиtАm=SФ, ЬTБg=ъbwщК, Q5Я, Эsk, xщXкq', ANg*ofe, 6bC7, *Рю^Тм6Sm, фЦlc9Gxн, HЩi9МБ, EQЕKХГ0ЯМ, NнНlF",
        "zm",
        "zma",
        "zombie1",
        "zoo",
        "zoofa",
        "zrfJ, g4QlbWr, QX8kb30, NRA1H9Agp, d3rm, 0mK7, uB5NvsF2X, pKYd6SD, bn2xmnrC1, 8gWzb",
        "zxcvb",
        "zzz",
        "zzzz",
        "{STAR}",
        "{astrophysics, stars, neutron stars, magnetic field}",
        "{{$randomLoremWord",
        "{{$randomTags}}",
        "{{$randomTag}}",
        "{{$randomurl}}",
        "{{$randomwords}}",
        "{{$randomword}}",
        "{{$tags}}",
        "{{Tag}}",
        "{{randomCompanyName}}",
        "{{randomInt}}",
        "{{randomTag}}",
        "{{randomwords}}",
        "{{tag2}}",
        "{{tags}}",
        "{пупуп}",
        "¿que mamada?",
        "étudiantQA423",
        "étudiant_QA_423",
        "étudiant_qa423",
        "étudianteQA423",
        "АААА",
        "Автоматизация Постман",
        "Апсс",
        "Бvd!, 5р[РW, ПлКа$!h}ЯР, КпsУцqо, куp, ШzH!E8Н, ЪР*K!YPц, ХLРMtъB, жZu6РZt5ЦШ, ?XF'",
        "Бег",
        "Бел",
        "Билет 1",
        "Билет 2",
        "Билет 3",
        "Бомжары нами манипулируют",
        "Валера",
        "Валера-балерина",
        "Ваня",
        "Вера",
        "Вера та ещё штучка",
        "Вот это да",
        "Всея Руси",
        "Главный тег",
        "Гоблин",
        "Градиент",
        "Грусть",
        "Да",
        "Дели",
        "Дети, лето, тепло, каникулы",
        "Для 0чайников",
        "Для чайников",
        "Жодо",
        "Жопа",
        "Здоровье",
        "Зелебоба",
        "Зеленскийлох",
        "Зеля",
        "Зима, Ужасный день",
        "Золотая молодеж",
        "И Рохан явится на помощь",
        "ИЛбZeM, 2М'tШ'Ф,к, Brbg, mj]0З, ёSёк, DV=ЯJя, LУ[+х52, i[ЯрИ, 3nDL5Р, иVg",
        "Индия",
        "КУА",
        "Космос Юрий Холмагорыч",
        "Котэ",
        "Котэ и еще котэ",
        "Круглое",
        "КрутаяАва",
        "Кто не пьет тот хуеплет",
        "Курс Седого Тестировщика",
        "Курс по API",
        "Лена",
        "Лера",
        "Любимцы",
        "Люблю flutter",
        "МЕМЧИК",
        "МЕЧМИК",
        "Маша",
        "Маша да не наша",
        "Милаха",
        "Милота",
        "Мой мир",
        "Москва",
        "Москвукпушршцепгршдпшцукрпшоурпшцукпшва",
        "Мужские писи у девочек",
        "На душе тоска",
        "Не то чудо из чудес как мужик на небо влез, а то чудо из чудес как он с неба слез",
        "Невероятное",
        "Нет",
        "Новости",
        "ОsД]VrК:|, TSшpiЩZJщЖ, *eМCЮyяgz, kёьЮc, ьЭшНАЯРДфс, к-uц, эЭ.7Ь, cшо3а, ZЩУ9S9wt'', ZЪяЫЕ-ъгЮ, юcЖСT, шBbвJО, фy4, ъ9вИIмшo, к4tАИБЕ(, CЖ*фK, E:гХ, M,B2, а2JEMZ:, sDФ-р9",
        "Огурец",
        "ПБГ2SСож, *sыыSп4бМ, $@ЗcбM, ъ5яВv, Z4J)j, Vыprl{4ц}а, 3QЩр^, ЁСфС=, (4Tп, ЗаE)??6, ЬанYfp-hбВ, JЬU@рo.43, Рv[ЮТЮ, pнуa, qAГё|ue36ь, 8UФxЛМN, [ПТdТ, L^лt4nС@, 2UQyэA, =UIЮPE0оR",
        "ПО",
        "Пелевин",
        "Песочница DummyAPI",
        "Петя",
        "Печаль",
        "Пост",
        "Пост 21 апреля",
        "Пост, Сост, Мост",
        "Предзаказ",
        "Привет",
        "Привет.",
        "ПьянствуБой",
        "Россия вперед!!!",
        "Русь",
        "СА",
        "СЛОНИК",
        "Саша",
        "Саша Белый",
        "Света",
        "Сегодня",
        "Собака",
        "Спорт",
        "Ставь заплатку",
        "Суеверия",
        "Тай",
        "Тест",
        "Тест 1, тест 1",
        "Трансы",
        "Тэгздесь",
        "УУУУ",
        "Улыбнись у меня все получиться",
        "Учебные",
        "ФFqщVЬwэ, АазeС3h, gоf, vsDqоВ, HпGьz6р",
        "ФQw, S)П",
        "Ф[l, lRlY@FЁWы, аЩrН6В, ,ыZ, ,Vq",
        "Федор",
        "Х50M'л!vфБ, *JъЖTlзzб, FЫ'ZYЁlлYо, 4xC5M, QаВцЖц/, М'вHбцЛI, heDя, jx{fПNэ, PлЗ, Fр7, ЦеB, g2xО, R}'5, КсШCъT0ЗY, Tд$ю91CSЁф, Нщ+z, RЪшг, вю!XGа, ЩHтыr, =PH|aTа",
        "ХoZАuAпDЖR, С&ыb, РсъFфдн, nТ@}ЦёшbK, уДиS",
        "ШnBPP@аю@",
        "Э",
        "Я хз",
        "а",
        "аpOYRИк{kf, QjfGЭaж, ЛWЪП66ЁФ, ЦUЩhЗзАэUь, L0FЗВaПм",
        "абв",
        "абвгд",
        "активный",
        "апи",
        "аптека",
        "б",
        "бег",
        "без массива",
        "блины",
        "бульdog",
        "в",
        "валерьянка",
        "ваыпыв",
        "вб,отзывы",
        "вбвб",
        "ввав",
        "великая",
        "верифицированный",
        "вечер",
        "вкусная еда",
        "вторник",
        "второй tag",
        "вчера",
        "выфввфыв",
        "говнокомент",
        "гого",
        "гора",
        "горы",
        "грибы",
        "да",
        "два миллиона",
        "день",
        "дитявуца",
        "длинные слова говоря в кратце",
        "добрый",
        "дождь",
        "животное",
        "животные",
        "заказ",
        "зачет",
        "здорово",
        "здорово?",
        "золотистый ретривер",
        "и Наташа",
        "или не быть",
        "имя",
        "инстаграм",
        "информационные технологии",
        "й",
        "йеп",
        "йцукен",
        "кирилица",
        "кириллица",
        "кот",
        "котенок",
        "котяра",
        "котёнок",
        "крутой",
        "куку",
        "курс",
        "кью эй",
        "лампа",
        "лед",
        "лес",
        "лошадь",
        "лрцД",
        "любимая собака",
        "люблю животных",
        "люблю_животных",
        "любой текст, который в кавычках переводится в тэг",
        "лёд",
        "малой",
        "масленица",
        "машина",
        "медицина",
        "милашка",
        "миллион",
        "мистер фиш",
        "мокрый нос щенка",
        "море",
        "мяу",
        "не диспетчер",
        "новичок",
        "новость, жесть, круть",
        "няшки",
        "оuжRМN, ЕСаКЛ0j, TviоБ, дЦЦxж, Cк)жP",
        "огонь",
        "опkjfdka",
        "отдых",
        "отец",
        "отмазка для олеddга",
        "отмазка для олега",
        "оыатмлы",
        "п",
        "палка",
        "панда",
        "пес",
        "песок",
        "питомцы",
        "пляж",
        "погода",
        "попугай",
        "пост",
        "постман, уроки",
        "премиум",
        "приветприветприветприветприветприветприветприветпрприветприветприветприветприветприветприветприветпрприветприветприветприветприветприветприветприветпрприветприветприветприветприветприветприветприветпрприветприветприветприветприветприветприветприветпрприветприветприветприветприветприветприветприветпрприветприветприветприветприветприветприветприветпрприветприветприветприветприветприветприветприветпрприветприветприветприветприветприветприветприветпрприветприветприветприветприветприветприветприветпрприветприветприветприветприветприветприветприветпрприветприветприветприветприветприветприветприветпрприветприветприветприветприветприветприветприветпрприветприветприветприветприветприветприветприветпрприветприветприветприветприветприветприветприветпрприветприветприветприветприветприветприветприветпрприветприветприветприветприветприветприветприветпрприветприветприветприветприветприветприветприветпрприветприветприветприветприветприветприветприветпрприветприветприветприветприветприветприветприветпр",
        "проdru",
        "прогулка",
        "птицы",
        "пудге",
        "путин проклятое хуйло!!!! помни об этом добрый человек! он скоро сдохнет, а тебе дальше жить.........",
        "пёсик",
        "раз два три",
        "разве",
        "ретривер",
        "рот",
        "рудге",
        "сегодня",
        "скрип",
        "слон",
        "снег",
        "собака",
        "собаки",
        "собачка",
        "собачки",
        "солнце",
        "спорт",
        "стихи",
        "строка 1",
        "строка 3",
        "суханчик",
        "сщбачёнок",
        "т1ена корт",
        "тдЬР(UMbЕ, kЗВ7!, M%ънЬGзX, ГЭ6!, SВ)ёTЦ1",
        "тег",
        "тег1",
        "тег2",
        "тег3",
        "теготест",
        "текст",
        "темный лес был  теперь  будет сказочный лес и дрова",
        "темный лес был  теперь  будет сказочный лес уже 12 ночи ",
        "тестирование",
        "тестировщик",
        "тестовый",
        "тестовый tag",
        "тэг",
        "ультрасмурфы",
        "ухД@, $Sarцp, Ьl(ЭА, B934C, РУ9v,bM",
        "учусь",
        "фцу",
        "фцувфцув",
        "хаха",
        "хвойный лес",
        "хехе",
        "хоррор",
        "хрен",
        "хуй",
        "шSД?pXZ@GЦ, e}:, c3еоыВc, 5ДиФRШпmх, {jЕN,, Хы0, )HХяcy, СjoФ(Гю, аGИ-%i, еMeУ, ц,WДщWЫj, ЯrWшhjГ, ]ц/jмпN, %Т.xnфВ1]ы, :ЖXё6?щУAL, ioХVeW, /H8, 1^'сюgo, ххб44PХЭNЯ, ?Юх",
        "шфшшф",
        "щенок",
        "ъQтj{ЗщF, ххЛпlшd, {,п&, яф#iЕ, kмVБГЛ4хr",
        "ъъъ",
        "эDтПЮашm",
        "юPА, 6GлB09}V, ЗСШ1, 88ж[*сTА, D%eg5а5",
        "юа",
        "я",
        "я2iMК]аВ, d]VРХрeхм, 5Uна, сШою, Ж8]zИтлЛх",
        "ядима",
        "якрутой",
        "№1",
        "№;%:?",
        "窗",
        "싸랑해요",
        "여러분들",
        "연예가중계"
    ]
}
  ?[32mWhen ?[0m?[32mI send request to get list of tags?[0m  ?[90m# api.steps.TagSteps.getListOfTags()?[0m
  ?[32mThen ?[0m?[32mresponse status code should be ?[0m?[32m?[1m200?[0m  ?[90m# api.steps.CommonApiSteps.verifyStatusCode(int)?[0m
  ?[32mAnd ?[0m?[32mresponse should contain list of tags?[0m ?[90m# api.steps.TagSteps.validateTags()?[0m
]]></system-out>
  <system-err><![CDATA[SLF4J(W): No SLF4J providers were found.
SLF4J(W): Defaulting to no-operation (NOP) logger implementation
SLF4J(W): See https://www.slf4j.org/codes.html#noProviders for further details.
]]></system-err>
</testsuite>
