<?xml version="1.0" encoding="UTF-8"?>
<testsuite name="Get user by id" tests="1" skipped="0" failures="0" errors="0" timestamp="2026-01-09T09:11:48" hostname="Aigis-Megami.mshome.net" time="0.118">
  <properties/>
  <testcase name="Get user data" classname="Get user by id" time="0.118"/>
  <system-out><![CDATA[
@api
Scenario: Get user data                                ?[90m# src/test/resources/features/api/get_user.feature:4?[0m
  ?[32mGiven ?[0m?[32mAPI is ready?[0m                                   ?[90m# api.steps.CommonApiSteps.apiIsReady()?[0m
{
    "error": "RESOURCE_NOT_FOUND"
}
  ?[32mWhen ?[0m?[32mI request user by id ?[0m?[32m?[1m"60d0fe4f5311236168a109ca"?[0m ?[90m# api.steps.UserSteps.getUserById(java.lang.String)?[0m
]]></system-out>
  <system-err><![CDATA[]]></system-err>
</testsuite>
