<?xml version="1.0" encoding="UTF-8"?>
<testsuite name="runners.WebTestRunner" tests="0" skipped="0" failures="0" errors="0" timestamp="1970-01-01T00:00:00" hostname="Aigis-Megami.mshome.net" time="0.0">
  <properties/>
  <system-out><![CDATA[]]></system-out>
  <system-err><![CDATA[Jan 09, 2026 3:52:36 PM io.cucumber.core.runtime.FeaturePathFeatureSupplier get
WARNING: No features found at file:/Users/wibhisana/Documents/GitHub/qa-automation-framework/src/test/resources/features/web/
]]></system-err>
</testsuite>
